"../../../Engine/Content/Animation/DefaultAnimCurveCompressionSettings.uasset" 0
"../../../Engine/Content/Animation/DefaultAnimCurveCompressionSettings.uexp" 1
"../../../Engine/Content/Animation/DefaultAnimBoneCompressionSettings.uasset" 2
"../../../Engine/Content/Animation/DefaultAnimBoneCompressionSettings.uexp" 3
"../../../Engine/Content/EngineMeshes/Humanoid.uasset" 4
"../../../Engine/Content/EngineMeshes/Humanoid.uexp" 5
"D:/work/UE4Game/Netshoot/Content/Gunslinger/GunslingerTTP_Skeleton.uasset" 6
"D:/work/UE4Game/Netshoot/Content/Gunslinger/GunslingerTTP_Skeleton.uexp" 7
"D:/work/UE4Game/Netshoot/Content/Animations/Jump_From_Stand.uasset" 8
"D:/work/UE4Game/Netshoot/Content/Animations/Jump_From_Stand.uexp" 9
"D:/work/UE4Game/Netshoot/Content/Animations/Gunslinger_Aiming.uasset" 10
"D:/work/UE4Game/Netshoot/Content/Animations/Gunslinger_Aiming.uexp" 11
"D:/work/UE4Game/Netshoot/Content/Animations/Gunslinger_Aim_UR.uasset" 12
"D:/work/UE4Game/Netshoot/Content/Animations/Gunslinger_Aim_UR.uexp" 13
"D:/work/UE4Game/Netshoot/Content/Animations/Gunslinger_Aim_UL.uasset" 14
"D:/work/UE4Game/Netshoot/Content/Animations/Gunslinger_Aim_UL.uexp" 15
"D:/work/UE4Game/Netshoot/Content/Animations/Gunslinger_Aim_UC.uasset" 16
"D:/work/UE4Game/Netshoot/Content/Animations/Gunslinger_Aim_UC.uexp" 17
"D:/work/UE4Game/Netshoot/Content/Animations/Gunslinger_Aim_DR.uasset" 18
"D:/work/UE4Game/Netshoot/Content/Animations/Gunslinger_Aim_DR.uexp" 19
"D:/work/UE4Game/Netshoot/Content/Animations/Gunslinger_Aim_DL.uasset" 20
"D:/work/UE4Game/Netshoot/Content/Animations/Gunslinger_Aim_DL.uexp" 21
"D:/work/UE4Game/Netshoot/Content/Animations/Gunslinger_Aim_DC.uasset" 22
"D:/work/UE4Game/Netshoot/Content/Animations/Gunslinger_Aim_DC.uexp" 23
"D:/work/UE4Game/Netshoot/Content/Animations/Gunslinger_Aim_CC.uasset" 24
"D:/work/UE4Game/Netshoot/Content/Animations/Gunslinger_Aim_CC.uexp" 25
"D:/work/UE4Game/Netshoot/Content/Animations/Gunslinger_Aim_CL.uasset" 26
"D:/work/UE4Game/Netshoot/Content/Animations/Gunslinger_Aim_CL.uexp" 27
"D:/work/UE4Game/Netshoot/Content/Animations/Gunslinger_Aim_CR.uasset" 28
"D:/work/UE4Game/Netshoot/Content/Animations/Gunslinger_Aim_CR.uexp" 29
"D:/work/UE4Game/Netshoot/Content/Animations/AimOffset_Gunslinger.uasset" 30
"D:/work/UE4Game/Netshoot/Content/Animations/AimOffset_Gunslinger.uexp" 31
"D:/work/UE4Game/Netshoot/Content/Animations/Gunslinger_ResetAim.uasset" 32
"D:/work/UE4Game/Netshoot/Content/Animations/Gunslinger_ResetAim.uexp" 33
"D:/work/UE4Game/Netshoot/Content/Animations/Jog_Bwd_Rifle.uasset" 34
"D:/work/UE4Game/Netshoot/Content/Animations/Jog_Bwd_Rifle.uexp" 35
"D:/work/UE4Game/Netshoot/Content/Animations/Jog_Fwd_Rifle.uasset" 36
"D:/work/UE4Game/Netshoot/Content/Animations/Jog_Fwd_Rifle.uexp" 37
"D:/work/UE4Game/Netshoot/Content/Animations/Jog_Lt_Rifle.uasset" 38
"D:/work/UE4Game/Netshoot/Content/Animations/Jog_Lt_Rifle.uexp" 39
"D:/work/UE4Game/Netshoot/Content/Animations/Jog_Rt_Rifle.uasset" 40
"D:/work/UE4Game/Netshoot/Content/Animations/Jog_Rt_Rifle.uexp" 41
"D:/work/UE4Game/Netshoot/Content/AnimStarterPack/UE4_Mannequin/Mesh/UE4_Mannequin_Skeleton.uasset" 42
"D:/work/UE4Game/Netshoot/Content/AnimStarterPack/UE4_Mannequin/Mesh/UE4_Mannequin_Skeleton.uexp" 43
"D:/work/UE4Game/Netshoot/Content/AnimStarterPack/Aim_Space_Hip.uasset" 44
"D:/work/UE4Game/Netshoot/Content/AnimStarterPack/Aim_Space_Hip.uexp" 45
"D:/work/UE4Game/Netshoot/Content/AnimStarterPack/Aim_Space_Ironsights.uasset" 46
"D:/work/UE4Game/Netshoot/Content/AnimStarterPack/Aim_Space_Ironsights.uexp" 47
"D:/work/UE4Game/Netshoot/Content/AnimStarterPack/Crouch_to_Stand_Rifle_Hip.uasset" 48
"D:/work/UE4Game/Netshoot/Content/AnimStarterPack/Crouch_to_Stand_Rifle_Hip.uexp" 49
"D:/work/UE4Game/Netshoot/Content/AnimStarterPack/Crouch_to_Stand_Rifle_Ironsights.uasset" 50
"D:/work/UE4Game/Netshoot/Content/AnimStarterPack/Crouch_to_Stand_Rifle_Ironsights.uexp" 51
"D:/work/UE4Game/Netshoot/Content/AnimStarterPack/Crouch_Walk_Bwd_Rifle_Ironsights.uasset" 52
"D:/work/UE4Game/Netshoot/Content/AnimStarterPack/Crouch_Walk_Bwd_Rifle_Ironsights.uexp" 53
"D:/work/UE4Game/Netshoot/Content/AnimStarterPack/Crouch_Walk_Lt_Rifle_Ironsights.uasset" 54
"D:/work/UE4Game/Netshoot/Content/AnimStarterPack/Crouch_Walk_Lt_Rifle_Ironsights.uexp" 55
"D:/work/UE4Game/Netshoot/Content/AnimStarterPack/Crouch_Walk_Rt_Rifle_Ironsights.uasset" 56
"D:/work/UE4Game/Netshoot/Content/AnimStarterPack/Crouch_Walk_Rt_Rifle_Ironsights.uexp" 57
"D:/work/UE4Game/Netshoot/Content/AnimStarterPack/Death_1.uasset" 58
"D:/work/UE4Game/Netshoot/Content/AnimStarterPack/Death_1.uexp" 59
"D:/work/UE4Game/Netshoot/Content/AnimStarterPack/Death_2.uasset" 60
"D:/work/UE4Game/Netshoot/Content/AnimStarterPack/Death_2.uexp" 61
"D:/work/UE4Game/Netshoot/Content/AnimStarterPack/Death_3.uasset" 62
"D:/work/UE4Game/Netshoot/Content/AnimStarterPack/Death_3.uexp" 63
"D:/work/UE4Game/Netshoot/Content/AnimStarterPack/Death_Ironsights_1.uasset" 64
"D:/work/UE4Game/Netshoot/Content/AnimStarterPack/Death_Ironsights_1.uexp" 65
"D:/work/UE4Game/Netshoot/Content/AnimStarterPack/Death_Ironsights_2.uasset" 66
"D:/work/UE4Game/Netshoot/Content/AnimStarterPack/Death_Ironsights_2.uexp" 67
"D:/work/UE4Game/Netshoot/Content/AnimStarterPack/Equip_Rifle_Standing.uasset" 68
"D:/work/UE4Game/Netshoot/Content/AnimStarterPack/Equip_Rifle_Standing.uexp" 69
"D:/work/UE4Game/Netshoot/Content/AnimStarterPack/Fire_Rifle_Hip.uasset" 70
"D:/work/UE4Game/Netshoot/Content/AnimStarterPack/Fire_Rifle_Hip.uexp" 71
"D:/work/UE4Game/Netshoot/Content/AnimStarterPack/Fire_Shotgun_Hip.uasset" 72
"D:/work/UE4Game/Netshoot/Content/AnimStarterPack/Fire_Shotgun_Hip.uexp" 73
"D:/work/UE4Game/Netshoot/Content/AnimStarterPack/Fire_Shotgun_Ironsights.uasset" 74
"D:/work/UE4Game/Netshoot/Content/AnimStarterPack/Fire_Shotgun_Ironsights.uexp" 75
"D:/work/UE4Game/Netshoot/Content/AnimStarterPack/Hit_React_4.uasset" 76
"D:/work/UE4Game/Netshoot/Content/AnimStarterPack/Hit_React_4.uexp" 77
"D:/work/UE4Game/Netshoot/Content/AnimStarterPack/Idle_Pistol.uasset" 78
"D:/work/UE4Game/Netshoot/Content/AnimStarterPack/Idle_Pistol.uexp" 79
"D:/work/UE4Game/Netshoot/Content/AnimStarterPack/Idle_Rifle_Ironsights.uasset" 80
"D:/work/UE4Game/Netshoot/Content/AnimStarterPack/Idle_Rifle_Ironsights.uexp" 81
"D:/work/UE4Game/Netshoot/Content/AnimStarterPack/Jump_From_Stand_Ironsights.uasset" 82
"D:/work/UE4Game/Netshoot/Content/AnimStarterPack/Jump_From_Stand_Ironsights.uexp" 83
"D:/work/UE4Game/Netshoot/Content/AnimStarterPack/Prone_Death_1.uasset" 84
"D:/work/UE4Game/Netshoot/Content/AnimStarterPack/Prone_Death_1.uexp" 85
"D:/work/UE4Game/Netshoot/Content/AnimStarterPack/Prone_Death_2.uasset" 86
"D:/work/UE4Game/Netshoot/Content/AnimStarterPack/Prone_Death_2.uexp" 87
"D:/work/UE4Game/Netshoot/Content/AnimStarterPack/Prone_Fire_1.uasset" 88
"D:/work/UE4Game/Netshoot/Content/AnimStarterPack/Prone_Fire_1.uexp" 89
"D:/work/UE4Game/Netshoot/Content/AnimStarterPack/Prone_Fire_2.uasset" 90
"D:/work/UE4Game/Netshoot/Content/AnimStarterPack/Prone_Fire_2.uexp" 91
"D:/work/UE4Game/Netshoot/Content/AnimStarterPack/Prone_Idle.uasset" 92
"D:/work/UE4Game/Netshoot/Content/AnimStarterPack/Prone_Idle.uexp" 93
"D:/work/UE4Game/Netshoot/Content/AnimStarterPack/Prone_Reload_Rifle.uasset" 94
"D:/work/UE4Game/Netshoot/Content/AnimStarterPack/Prone_Reload_Rifle.uexp" 95
"D:/work/UE4Game/Netshoot/Content/AnimStarterPack/Prone_Reload_Shotgun.uasset" 96
"D:/work/UE4Game/Netshoot/Content/AnimStarterPack/Prone_Reload_Shotgun.uexp" 97
"D:/work/UE4Game/Netshoot/Content/AnimStarterPack/Prone_To_Stand.uasset" 98
"D:/work/UE4Game/Netshoot/Content/AnimStarterPack/Prone_To_Stand.uexp" 99
"D:/work/UE4Game/Netshoot/Content/AnimStarterPack/Reload_Pistol.uasset" 100
"D:/work/UE4Game/Netshoot/Content/AnimStarterPack/Reload_Pistol.uexp" 101
"D:/work/UE4Game/Netshoot/Content/AnimStarterPack/Reload_Rifle_Ironsights.uasset" 102
"D:/work/UE4Game/Netshoot/Content/AnimStarterPack/Reload_Rifle_Ironsights.uexp" 103
"D:/work/UE4Game/Netshoot/Content/AnimStarterPack/Reload_Shotgun_Hip.uasset" 104
"D:/work/UE4Game/Netshoot/Content/AnimStarterPack/Reload_Shotgun_Hip.uexp" 105
"D:/work/UE4Game/Netshoot/Content/AnimStarterPack/Reload_Shotgun_Ironsights.uasset" 106
"D:/work/UE4Game/Netshoot/Content/AnimStarterPack/Reload_Shotgun_Ironsights.uexp" 107
"D:/work/UE4Game/Netshoot/Content/AnimStarterPack/Sprint_Fwd_Rifle.uasset" 108
"D:/work/UE4Game/Netshoot/Content/AnimStarterPack/Sprint_Fwd_Rifle.uexp" 109
"D:/work/UE4Game/Netshoot/Content/AnimStarterPack/Stand_to_Crouch_Rifle_Hip.uasset" 110
"D:/work/UE4Game/Netshoot/Content/AnimStarterPack/Stand_to_Crouch_Rifle_Hip.uexp" 111
"D:/work/UE4Game/Netshoot/Content/AnimStarterPack/Stand_to_Crouch_Rifle_Ironsights.uasset" 112
"D:/work/UE4Game/Netshoot/Content/AnimStarterPack/Stand_to_Crouch_Rifle_Ironsights.uexp" 113
"D:/work/UE4Game/Netshoot/Content/AnimStarterPack/Stand_To_Prone.uasset" 114
"D:/work/UE4Game/Netshoot/Content/AnimStarterPack/Stand_To_Prone.uexp" 115
"D:/work/UE4Game/Netshoot/Content/AnimStarterPack/Walk_Bwd_Rifle_Ironsights.uasset" 116
"D:/work/UE4Game/Netshoot/Content/AnimStarterPack/Walk_Bwd_Rifle_Ironsights.uexp" 117
"D:/work/UE4Game/Netshoot/Content/AnimStarterPack/Walk_Lt_Rifle_Ironsights.uasset" 118
"D:/work/UE4Game/Netshoot/Content/AnimStarterPack/Walk_Lt_Rifle_Ironsights.uexp" 119
"D:/work/UE4Game/Netshoot/Content/AnimStarterPack/Walk_Rt_Rifle_Ironsights.uasset" 120
"D:/work/UE4Game/Netshoot/Content/AnimStarterPack/Walk_Rt_Rifle_Ironsights.uexp" 121
"D:/work/UE4Game/Netshoot/Content/Blueprints/CamShake_01.uasset" 122
"D:/work/UE4Game/Netshoot/Content/Blueprints/CamShake_01.uexp" 123
"D:/work/UE4Game/Netshoot/Content/Sounds/Hit_01.uasset" 124
"D:/work/UE4Game/Netshoot/Content/Sounds/Hit_01.uexp" 125
"D:/work/UE4Game/Netshoot/Content/Sounds/SoundCue_Attentuated.uasset" 126
"D:/work/UE4Game/Netshoot/Content/Sounds/SoundCue_Attentuated.uexp" 127
"D:/work/UE4Game/Netshoot/Content/Sounds/Randomize_01.uasset" 128
"D:/work/UE4Game/Netshoot/Content/Sounds/Randomize_01.uexp" 129
"../../../Engine/Content/Functions/Engine_MaterialFunctions01/Gradient/RadialGradient.uasset" 130
"../../../Engine/Content/Functions/Engine_MaterialFunctions01/Gradient/RadialGradient.uexp" 131
"D:/work/UE4Game/Netshoot/Content/Materials/M_Bullet.uasset" 132
"D:/work/UE4Game/Netshoot/Content/Materials/M_Bullet.uexp" 133
"D:/work/UE4Game/Netshoot/Content/Materials/M_Bullet_Inst.uasset" 134
"D:/work/UE4Game/Netshoot/Content/Materials/M_Bullet_Inst.uexp" 135
"D:/work/UE4Game/Netshoot/Content/Meshes/Sphere.uasset" 136
"D:/work/UE4Game/Netshoot/Content/Meshes/Sphere.uexp" 137
"D:/work/UE4Game/Netshoot/Content/Effects/P_Hit.uasset" 138
"D:/work/UE4Game/Netshoot/Content/Effects/P_Hit.uexp" 139
"D:/work/UE4Game/Netshoot/Content/Blueprints/BP_Projectile.uasset" 140
"D:/work/UE4Game/Netshoot/Content/Blueprints/BP_Projectile.uexp" 141
"D:/work/UE4Game/Netshoot/Content/Textures/MuzzleFlash.uasset" 142
"D:/work/UE4Game/Netshoot/Content/Textures/MuzzleFlash.uexp" 143
"D:/work/UE4Game/Netshoot/Content/Textures/MuzzleFlash.ubulk" 144
"D:/work/UE4Game/Netshoot/Content/Materials/M_MuzzleFlash.uasset" 145
"D:/work/UE4Game/Netshoot/Content/Materials/M_MuzzleFlash.uexp" 146
"D:/work/UE4Game/Netshoot/Content/Materials/M_MuzzleFlash_Inst.uasset" 147
"D:/work/UE4Game/Netshoot/Content/Materials/M_MuzzleFlash_Inst.uexp" 148
"D:/work/UE4Game/Netshoot/Content/Effects/P_MuzzleFlash.uasset" 149
"D:/work/UE4Game/Netshoot/Content/Effects/P_MuzzleFlash.uexp" 150
"D:/work/UE4Game/Netshoot/Content/Blueprints/BP_MuzzleFlash.uasset" 151
"D:/work/UE4Game/Netshoot/Content/Blueprints/BP_MuzzleFlash.uexp" 152
"D:/work/UE4Game/Netshoot/Content/Sounds/Randomize_08.uasset" 153
"D:/work/UE4Game/Netshoot/Content/Sounds/Randomize_08.uexp" 154
"D:/work/UE4Game/Netshoot/Content/Sounds/Randomize_03.uasset" 155
"D:/work/UE4Game/Netshoot/Content/Sounds/Randomize_03.uexp" 156
"D:/work/UE4Game/Netshoot/Content/Sounds/Gunfire_01.uasset" 157
"D:/work/UE4Game/Netshoot/Content/Sounds/Gunfire_01.uexp" 158
"D:/work/UE4Game/Netshoot/Content/Sounds/Coin_01.uasset" 159
"D:/work/UE4Game/Netshoot/Content/Sounds/Coin_01.uexp" 160
"D:/work/UE4Game/Netshoot/Content/Sounds/Click_01.uasset" 161
"D:/work/UE4Game/Netshoot/Content/Sounds/Click_01.uexp" 162
"D:/work/UE4Game/Netshoot/Content/Materials/M_Hat.uasset" 163
"D:/work/UE4Game/Netshoot/Content/Materials/M_Hat.uexp" 164
"D:/work/UE4Game/Netshoot/Content/Materials/M_Hat_Inst.uasset" 165
"D:/work/UE4Game/Netshoot/Content/Materials/M_Hat_Inst.uexp" 166
"D:/work/UE4Game/Netshoot/Content/Meshes/Hat.uasset" 167
"D:/work/UE4Game/Netshoot/Content/Meshes/Hat.uexp" 168
"D:/work/UE4Game/Netshoot/Content/Materials/M_Gun.uasset" 169
"D:/work/UE4Game/Netshoot/Content/Materials/M_Gun.uexp" 170
"D:/work/UE4Game/Netshoot/Content/Meshes/Gun.uasset" 171
"D:/work/UE4Game/Netshoot/Content/Meshes/Gun.uexp" 172
"D:/work/UE4Game/Netshoot/Content/Animations/Walk_Rt_Rifle_Ironsights.uasset" 173
"D:/work/UE4Game/Netshoot/Content/Animations/Walk_Rt_Rifle_Ironsights.uexp" 174
"D:/work/UE4Game/Netshoot/Content/Animations/Walk_Lt_Rifle_Ironsights.uasset" 175
"D:/work/UE4Game/Netshoot/Content/Animations/Walk_Lt_Rifle_Ironsights.uexp" 176
"D:/work/UE4Game/Netshoot/Content/Animations/Walk_Fwd_Rifle_Ironsights.uasset" 177
"D:/work/UE4Game/Netshoot/Content/Animations/Walk_Fwd_Rifle_Ironsights.uexp" 178
"D:/work/UE4Game/Netshoot/Content/Animations/Walk_Bwd_Rifle_Ironsights.uasset" 179
"D:/work/UE4Game/Netshoot/Content/Animations/Walk_Bwd_Rifle_Ironsights.uexp" 180
"D:/work/UE4Game/Netshoot/Content/Animations/Walk.uasset" 181
"D:/work/UE4Game/Netshoot/Content/Animations/Walk.uexp" 182
"D:/work/UE4Game/Netshoot/Content/Animations/Reload_Pistol.uasset" 183
"D:/work/UE4Game/Netshoot/Content/Animations/Reload_Pistol.uexp" 184
"D:/work/UE4Game/Netshoot/Content/Animations/Reload_Pistol_Montage.uasset" 185
"D:/work/UE4Game/Netshoot/Content/Animations/Reload_Pistol_Montage.uexp" 186
"D:/work/UE4Game/Netshoot/Content/Animations/Gunslinger_Unholster.uasset" 187
"D:/work/UE4Game/Netshoot/Content/Animations/Gunslinger_Unholster.uexp" 188
"D:/work/UE4Game/Netshoot/Content/Animations/Gunslinger_Ready.uasset" 189
"D:/work/UE4Game/Netshoot/Content/Animations/Gunslinger_Ready.uexp" 190
"D:/work/UE4Game/Netshoot/Content/Animations/Gunslinger_PullBack.uasset" 191
"D:/work/UE4Game/Netshoot/Content/Animations/Gunslinger_PullBack.uexp" 192
"D:/work/UE4Game/Netshoot/Content/Animations/Gunslinger_Fire.uasset" 193
"D:/work/UE4Game/Netshoot/Content/Animations/Gunslinger_Fire.uexp" 194
"D:/work/UE4Game/Netshoot/Content/Animations/Gunslinger_Draw.uasset" 195
"D:/work/UE4Game/Netshoot/Content/Animations/Gunslinger_Draw.uexp" 196
"D:/work/UE4Game/Netshoot/Content/Animations/NewAimOffsetBlendSpace.uasset" 197
"D:/work/UE4Game/Netshoot/Content/Animations/NewAimOffsetBlendSpace.uexp" 198
"D:/work/UE4Game/Netshoot/Content/Gunslinger/Gunslinger_AnimBP.uasset" 199
"D:/work/UE4Game/Netshoot/Content/Gunslinger/Gunslinger_AnimBP.uexp" 200
"D:/work/UE4Game/Netshoot/Content/Blueprints/MyPlayerState.uasset" 201
"D:/work/UE4Game/Netshoot/Content/Blueprints/MyPlayerState.uexp" 202
"../../../Engine/Content/EditorBlueprintResources/StandardMacros.uasset" 203
"../../../Engine/Content/EditorBlueprintResources/StandardMacros.uexp" 204
"../../../Engine/Content/EditorBlueprintResources/ActorMacros.uasset" 205
"../../../Engine/Content/EditorBlueprintResources/ActorMacros.uexp" 206
"D:/work/UE4Game/Netshoot/Content/Animations/Gunslinger_Hit_01.uasset" 207
"D:/work/UE4Game/Netshoot/Content/Animations/Gunslinger_Hit_01.uexp" 208
"D:/work/UE4Game/Netshoot/Content/Gunslinger/GunslingerTTP_PhysicsAsset.uasset" 209
"D:/work/UE4Game/Netshoot/Content/Gunslinger/GunslingerTTP_PhysicsAsset.uexp" 210
"D:/work/UE4Game/Netshoot/Content/Materials/M_Player.uasset" 211
"D:/work/UE4Game/Netshoot/Content/Materials/M_Player.uexp" 212
"D:/work/UE4Game/Netshoot/Content/Materials/M_Player_Inst.uasset" 213
"D:/work/UE4Game/Netshoot/Content/Materials/M_Player_Inst.uexp" 214
"D:/work/UE4Game/Netshoot/Content/Gunslinger/GunslingerTTP.uasset" 215
"D:/work/UE4Game/Netshoot/Content/Gunslinger/GunslingerTTP.uexp" 216
"D:/work/UE4Game/Netshoot/Content/Blueprints/Widgets/UI_BP.uasset" 217
"D:/work/UE4Game/Netshoot/Content/Blueprints/Widgets/UI_BP.uexp" 218
"D:/work/UE4Game/Netshoot/Content/Blueprints/Widgets/ScoreboardRow.uasset" 219
"D:/work/UE4Game/Netshoot/Content/Blueprints/Widgets/ScoreboardRow.uexp" 220
"D:/work/UE4Game/Netshoot/Content/Blueprints/Widgets/MyHUD.uasset" 221
"D:/work/UE4Game/Netshoot/Content/Blueprints/Widgets/MyHUD.uexp" 222
"D:/work/UE4Game/Netshoot/Content/Blueprints/Widgets/ServerRow.uasset" 223
"D:/work/UE4Game/Netshoot/Content/Blueprints/Widgets/ServerRow.uexp" 224
"D:/work/UE4Game/Netshoot/Content/Blueprints/Widgets/ServerList.uasset" 225
"D:/work/UE4Game/Netshoot/Content/Blueprints/Widgets/ServerList.uexp" 226
"D:/work/UE4Game/Netshoot/Content/Blueprints/Widgets/MainMenu.uasset" 227
"D:/work/UE4Game/Netshoot/Content/Blueprints/Widgets/MainMenu.uexp" 228
"D:/work/UE4Game/Netshoot/Content/Blueprints/Widgets/LoadingScreen.uasset" 229
"D:/work/UE4Game/Netshoot/Content/Blueprints/Widgets/LoadingScreen.uexp" 230
"D:/work/UE4Game/Netshoot/Content/Blueprints/Widgets/ErrorDialog.uasset" 231
"D:/work/UE4Game/Netshoot/Content/Blueprints/Widgets/ErrorDialog.uexp" 232
"D:/work/UE4Game/Netshoot/Content/Blueprints/State.uasset" 233
"D:/work/UE4Game/Netshoot/Content/Blueprints/State.uexp" 234
"D:/work/UE4Game/Netshoot/Content/Blueprints/MyGameInstance.uasset" 235
"D:/work/UE4Game/Netshoot/Content/Blueprints/MyGameInstance.uexp" 236
"D:/work/UE4Game/Netshoot/Content/Blueprints/Widgets/InGameMenu.uasset" 237
"D:/work/UE4Game/Netshoot/Content/Blueprints/Widgets/InGameMenu.uexp" 238
"D:/work/UE4Game/Netshoot/Content/Textures/Ammo_Full.uasset" 239
"D:/work/UE4Game/Netshoot/Content/Textures/Ammo_Full.uexp" 240
"D:/work/UE4Game/Netshoot/Content/Textures/Ammo_Empty.uasset" 241
"D:/work/UE4Game/Netshoot/Content/Textures/Ammo_Empty.uexp" 242
"D:/work/UE4Game/Netshoot/Content/Blueprints/Widgets/AmmoWidget.uasset" 243
"D:/work/UE4Game/Netshoot/Content/Blueprints/Widgets/AmmoWidget.uexp" 244
"D:/work/UE4Game/Netshoot/Content/Blueprints/MyPlayerController.uasset" 245
"D:/work/UE4Game/Netshoot/Content/Blueprints/MyPlayerController.uexp" 246
"D:/work/UE4Game/Netshoot/Content/Blueprints/MyGameState.uasset" 247
"D:/work/UE4Game/Netshoot/Content/Blueprints/MyGameState.uexp" 248
"D:/work/UE4Game/Netshoot/Content/Blueprints/MyGameMode.uasset" 249
"D:/work/UE4Game/Netshoot/Content/Blueprints/MyGameMode.uexp" 250
"D:/work/UE4Game/Netshoot/Content/Gunslinger/Gunslinger_BP.uasset" 251
"D:/work/UE4Game/Netshoot/Content/Gunslinger/Gunslinger_BP.uexp" 252
"D:/work/UE4Game/Netshoot/Content/Sounds/Blip_01.uasset" 253
"D:/work/UE4Game/Netshoot/Content/Sounds/Blip_01.uexp" 254
"D:/work/UE4Game/Netshoot/Content/Sounds/Blip_02.uasset" 255
"D:/work/UE4Game/Netshoot/Content/Sounds/Blip_02.uexp" 256
"D:/work/UE4Game/Netshoot/Content/Sounds/Coin_02.uasset" 257
"D:/work/UE4Game/Netshoot/Content/Sounds/Coin_02.uexp" 258
"D:/work/UE4Game/Netshoot/Content/Sounds/Laser_01.uasset" 259
"D:/work/UE4Game/Netshoot/Content/Sounds/Laser_01.uexp" 260
"D:/work/UE4Game/Netshoot/Content/Sounds/Laser_02.uasset" 261
"D:/work/UE4Game/Netshoot/Content/Sounds/Laser_02.uexp" 262
"D:/work/UE4Game/Netshoot/Content/Sounds/Powerup_01.uasset" 263
"D:/work/UE4Game/Netshoot/Content/Sounds/Powerup_01.uexp" 264
"D:/work/UE4Game/Netshoot/Content/Sounds/Powerup_02.uasset" 265
"D:/work/UE4Game/Netshoot/Content/Sounds/Powerup_02.uexp" 266
"D:/work/UE4Game/Netshoot/Content/Sounds/Randomize_02.uasset" 267
"D:/work/UE4Game/Netshoot/Content/Sounds/Randomize_02.uexp" 268
"D:/work/UE4Game/Netshoot/Content/Sounds/Randomize_04.uasset" 269
"D:/work/UE4Game/Netshoot/Content/Sounds/Randomize_04.uexp" 270
"D:/work/UE4Game/Netshoot/Content/Sounds/Randomize_05.uasset" 271
"D:/work/UE4Game/Netshoot/Content/Sounds/Randomize_05.uexp" 272
"D:/work/UE4Game/Netshoot/Content/Sounds/Randomize_06.uasset" 273
"D:/work/UE4Game/Netshoot/Content/Sounds/Randomize_06.uexp" 274
"D:/work/UE4Game/Netshoot/Content/Sounds/Randomize_07.uasset" 275
"D:/work/UE4Game/Netshoot/Content/Sounds/Randomize_07.uexp" 276
"D:/work/UE4Game/Netshoot/Content/Sounds/Randomize_09.uasset" 277
"D:/work/UE4Game/Netshoot/Content/Sounds/Randomize_09.uexp" 278
"../../../Engine/Content/EngineMaterials/T_Default_Material_Grid_N.uasset" 279
"../../../Engine/Content/EngineMaterials/T_Default_Material_Grid_N.uexp" 280
"../../../Engine/Content/EngineMaterials/T_Default_Material_Grid_N.ubulk" 281
"../../../Engine/Content/EngineMaterials/T_Default_Material_Grid_M.uasset" 282
"../../../Engine/Content/EngineMaterials/T_Default_Material_Grid_M.uexp" 283
"../../../Engine/Content/EngineMaterials/T_Default_Material_Grid_M.ubulk" 284
"../../../Engine/Content/Functions/Engine_MaterialFunctions01/Opacity/CameraDepthFade.uasset" 285
"../../../Engine/Content/Functions/Engine_MaterialFunctions01/Opacity/CameraDepthFade.uexp" 286
"../../../Engine/Content/EngineMaterials/WorldGridMaterial.uasset" 287
"../../../Engine/Content/EngineMaterials/WorldGridMaterial.uexp" 288
"../../../Engine/Content/ArtTools/RenderToTexture/Meshes/S_1_Unit_Plane.uasset" 289
"../../../Engine/Content/ArtTools/RenderToTexture/Meshes/S_1_Unit_Plane.uexp" 290
"../../../Engine/Content/EngineMaterials/DefaultMaterial.uasset" 291
"../../../Engine/Content/EngineMaterials/DefaultMaterial.uexp" 292
"../../../Engine/Content/BasicShapes/Cone.uasset" 293
"../../../Engine/Content/BasicShapes/Cone.uexp" 294
"../../../Engine/Content/BasicShapes/Cube.uasset" 295
"../../../Engine/Content/BasicShapes/Cube.uexp" 296
"../../../Engine/Content/BasicShapes/Plane.uasset" 297
"../../../Engine/Content/BasicShapes/Plane.uexp" 298
"../../../Engine/Content/BasicShapes/Sphere.uasset" 299
"../../../Engine/Content/BasicShapes/Sphere.uexp" 300
"../../../Engine/Content/EditorLandscapeResources/DataLayer.uasset" 301
"../../../Engine/Content/EditorLandscapeResources/DataLayer.uexp" 302
"../../../Engine/Content/EditorLandscapeResources/DefaultAlphaTexture.uasset" 303
"../../../Engine/Content/EditorLandscapeResources/DefaultAlphaTexture.uexp" 304
"../../../Engine/Content/EditorMaterials/MAT_Groups_Toggle.uasset" 305
"../../../Engine/Content/EditorMaterials/MAT_Groups_Toggle.uexp" 306
"../../../Engine/Content/EditorMaterials/MAT_Groups_Visibility.uasset" 307
"../../../Engine/Content/EditorMaterials/MAT_Groups_Visibility.uexp" 308
"../../../Engine/Content/EditorMaterials/PreviewShadowIndicator.uasset" 309
"../../../Engine/Content/EditorMaterials/PreviewShadowIndicator.uexp" 310
"../../../Engine/Content/EditorMaterials/PreviewShadowIndicator.ubulk" 311
"../../../Engine/Content/EditorMaterials/PreviewShadowIndicatorMaterial.uasset" 312
"../../../Engine/Content/EditorMaterials/PreviewShadowIndicatorMaterial.uexp" 313
"../../../Engine/Content/EditorMaterials/MatineeGroups/MAT_ColorTrack.uasset" 314
"../../../Engine/Content/EditorMaterials/MatineeGroups/MAT_ColorTrack.uexp" 315
"../../../Engine/Content/EditorMaterials/MatineeGroups/MAT_Groups_Anim.uasset" 316
"../../../Engine/Content/EditorMaterials/MatineeGroups/MAT_Groups_Anim.uexp" 317
"../../../Engine/Content/EditorMaterials/MatineeGroups/MAT_Groups_AudioMaster.uasset" 318
"../../../Engine/Content/EditorMaterials/MatineeGroups/MAT_Groups_AudioMaster.uexp" 319
"../../../Engine/Content/EditorMaterials/MatineeGroups/MAT_Groups_Director.uasset" 320
"../../../Engine/Content/EditorMaterials/MatineeGroups/MAT_Groups_Director.uexp" 321
"../../../Engine/Content/EditorMaterials/MatineeGroups/MAT_Groups_Event.uasset" 322
"../../../Engine/Content/EditorMaterials/MatineeGroups/MAT_Groups_Event.uexp" 323
"../../../Engine/Content/EditorMaterials/MatineeGroups/MAT_Groups_Fade.uasset" 324
"../../../Engine/Content/EditorMaterials/MatineeGroups/MAT_Groups_Fade.uexp" 325
"../../../Engine/Content/EditorMaterials/MatineeGroups/MAT_Groups_Float.uasset" 326
"../../../Engine/Content/EditorMaterials/MatineeGroups/MAT_Groups_Float.uexp" 327
"../../../Engine/Content/EditorMaterials/MatineeGroups/MAT_Groups_Move.uasset" 328
"../../../Engine/Content/EditorMaterials/MatineeGroups/MAT_Groups_Move.uexp" 329
"../../../Engine/Content/EditorMaterials/MatineeGroups/MAT_Groups_Slomo.uasset" 330
"../../../Engine/Content/EditorMaterials/MatineeGroups/MAT_Groups_Slomo.uexp" 331
"../../../Engine/Content/EditorMaterials/MatineeGroups/MAT_Groups_Sound.uasset" 332
"../../../Engine/Content/EditorMaterials/MatineeGroups/MAT_Groups_Sound.uexp" 333
"../../../Engine/Content/EditorMaterials/MatineeGroups/MAT_Groups_Vector.uasset" 334
"../../../Engine/Content/EditorMaterials/MatineeGroups/MAT_Groups_Vector.uexp" 335
"../../../Engine/Content/EditorMaterials/ParticleSystems/PSysThumbnail_NoImage.uasset" 336
"../../../Engine/Content/EditorMaterials/ParticleSystems/PSysThumbnail_NoImage.uexp" 337
"../../../Engine/Content/EditorMaterials/ParticleSystems/PSysThumbnail_NoImage.ubulk" 338
"../../../Engine/Content/EditorMaterials/ParticleSystems/PSysThumbnail_OOD.uasset" 339
"../../../Engine/Content/EditorMaterials/ParticleSystems/PSysThumbnail_OOD.uexp" 340
"../../../Engine/Content/EditorMaterials/ParticleSystems/PSysThumbnail_OOD.ubulk" 341
"../../../Engine/Content/EditorMaterials/Camera/CineMat.uasset" 342
"../../../Engine/Content/EditorMaterials/Camera/CineMat.uexp" 343
"../../../Engine/Content/EditorMaterials/Camera/MI_CineMat_Rig.uasset" 344
"../../../Engine/Content/EditorMaterials/Camera/MI_CineMat_Rig.uexp" 345
"../../../Engine/Content/EditorMeshes/Camera/SM_CraneRig_Arm.uasset" 346
"../../../Engine/Content/EditorMeshes/Camera/SM_CraneRig_Arm.uexp" 347
"../../../Engine/Content/EditorMeshes/Camera/SM_CraneRig_Base.uasset" 348
"../../../Engine/Content/EditorMeshes/Camera/SM_CraneRig_Base.uexp" 349
"../../../Engine/Content/EditorMeshes/Camera/SM_CraneRig_Body.uasset" 350
"../../../Engine/Content/EditorMeshes/Camera/SM_CraneRig_Body.uexp" 351
"../../../Engine/Content/EditorMeshes/Camera/SM_CraneRig_Mount.uasset" 352
"../../../Engine/Content/EditorMeshes/Camera/SM_CraneRig_Mount.uexp" 353
"../../../Engine/Content/EditorMeshes/Camera/SM_RailRig_Mount.uasset" 354
"../../../Engine/Content/EditorMeshes/Camera/SM_RailRig_Mount.uexp" 355
"../../../Engine/Content/EditorMeshes/Camera/SM_RailRig_Track.uasset" 356
"../../../Engine/Content/EditorMeshes/Camera/SM_RailRig_Track.uexp" 357
"../../../Engine/Content/EditorResources/BSPVertex.uasset" 358
"../../../Engine/Content/EditorResources/BSPVertex.uexp" 359
"../../../Engine/Content/EditorResources/EmptyActor.uasset" 360
"../../../Engine/Content/EditorResources/EmptyActor.uexp" 361
"../../../Engine/Content/EditorResources/S_Actor.uasset" 362
"../../../Engine/Content/EditorResources/S_Actor.uexp" 363
"../../../Engine/Content/EditorResources/S_Actor.ubulk" 364
"../../../Engine/Content/EditorResources/S_Note.uasset" 365
"../../../Engine/Content/EditorResources/S_Note.uexp" 366
"../../../Engine/Content/EditorResources/S_Note.ubulk" 367
"../../../Engine/Content/EditorResources/S_Solver.uasset" 368
"../../../Engine/Content/EditorResources/S_Solver.uexp" 369
"../../../Engine/Content/EditorResources/S_Solver.ubulk" 370
"../../../Engine/Content/EditorResources/S_Terrain.uasset" 371
"../../../Engine/Content/EditorResources/S_Terrain.uexp" 372
"../../../Engine/Content/EditorResources/S_Terrain.ubulk" 373
"../../../Engine/Content/EditorResources/S_Trigger.uasset" 374
"../../../Engine/Content/EditorResources/S_Trigger.uexp" 375
"../../../Engine/Content/EditorResources/S_Trigger.ubulk" 376
"../../../Engine/Content/EditorResources/AudioIcons/S_AudioComponent.uasset" 377
"../../../Engine/Content/EditorResources/AudioIcons/S_AudioComponent.uexp" 378
"../../../Engine/Content/EditorResources/AudioIcons/S_AudioComponent.ubulk" 379
"../../../Engine/Content/EditorResources/LightIcons/S_LightError.uasset" 380
"../../../Engine/Content/EditorResources/LightIcons/S_LightError.uexp" 381
"../../../Engine/Content/EditorResources/SequenceRecorder/Countdown.uasset" 382
"../../../Engine/Content/EditorResources/SequenceRecorder/Countdown.uexp" 383
"../../../Engine/Content/EditorResources/SequenceRecorder/RecordingIndicator.uasset" 384
"../../../Engine/Content/EditorResources/SequenceRecorder/RecordingIndicator.uexp" 385
"../../../Engine/Content/EngineDamageTypes/DmgTypeBP_Environmental.uasset" 386
"../../../Engine/Content/EngineDamageTypes/DmgTypeBP_Environmental.uexp" 387
"../../../Engine/Content/EngineDebugMaterials/DebugEditorMaterial.uasset" 388
"../../../Engine/Content/EngineDebugMaterials/DebugEditorMaterial.uexp" 389
"../../../Engine/Content/EngineDebugMaterials/DebugMeshMaterial.uasset" 390
"../../../Engine/Content/EngineDebugMaterials/DebugMeshMaterial.uexp" 391
"../../../Engine/Content/EngineDebugMaterials/M_SimpleUnlitTranslucent.uasset" 392
"../../../Engine/Content/EngineDebugMaterials/M_SimpleUnlitTranslucent.uexp" 393
"../../../Engine/Content/EngineDebugMaterials/VolumeToRender.uasset" 394
"../../../Engine/Content/EngineDebugMaterials/VolumeToRender.uexp" 395
"../../../Engine/Content/Functions/Engine_MaterialFunctions02/Utility/CameraDirectionVector.uasset" 396
"../../../Engine/Content/Functions/Engine_MaterialFunctions02/Utility/CameraDirectionVector.uexp" 397
"../../../Engine/Content/EngineDebugMaterials/M_VolumeRenderSphereTracePP.uasset" 398
"../../../Engine/Content/EngineDebugMaterials/M_VolumeRenderSphereTracePP.uexp" 399
"../../../Engine/Content/Functions/Engine_MaterialFunctions01/Shading/ConvertFromDiffSpec.uasset" 400
"../../../Engine/Content/Functions/Engine_MaterialFunctions01/Shading/ConvertFromDiffSpec.uexp" 401
"../../../Engine/Content/EngineDebugMaterials/VertexColorMaterial.uasset" 402
"../../../Engine/Content/EngineDebugMaterials/VertexColorMaterial.uexp" 403
"../../../Engine/Content/EngineDebugMaterials/WireframeMaterial.uasset" 404
"../../../Engine/Content/EngineDebugMaterials/WireframeMaterial.uexp" 405
"../../../Engine/Content/EngineFonts/Faces/RobotoRegular.uasset" 406
"../../../Engine/Content/EngineFonts/Faces/RobotoRegular.uexp" 407
"../../../Engine/Content/EngineFonts/Faces/RobotoRegular.ufont" 408
"../../../Engine/Content/EngineFonts/Faces/RobotoLight.uasset" 409
"../../../Engine/Content/EngineFonts/Faces/RobotoLight.uexp" 410
"../../../Engine/Content/EngineFonts/Faces/RobotoLight.ufont" 411
"../../../Engine/Content/EngineFonts/Faces/RobotoItalic.uasset" 412
"../../../Engine/Content/EngineFonts/Faces/RobotoItalic.uexp" 413
"../../../Engine/Content/EngineFonts/Faces/RobotoItalic.ufont" 414
"../../../Engine/Content/EngineFonts/Faces/RobotoBoldItalic.uasset" 415
"../../../Engine/Content/EngineFonts/Faces/RobotoBoldItalic.uexp" 416
"../../../Engine/Content/EngineFonts/Faces/RobotoBoldItalic.ufont" 417
"../../../Engine/Content/EngineFonts/Faces/RobotoBold.uasset" 418
"../../../Engine/Content/EngineFonts/Faces/RobotoBold.uexp" 419
"../../../Engine/Content/EngineFonts/Faces/RobotoBold.ufont" 420
"../../../Engine/Content/EngineFonts/Faces/DroidSansFallback.uasset" 421
"../../../Engine/Content/EngineFonts/Faces/DroidSansFallback.uexp" 422
"../../../Engine/Content/EngineFonts/Faces/DroidSansFallback.ufont" 423
"../../../Engine/Content/EngineFonts/Roboto.uasset" 424
"../../../Engine/Content/EngineFonts/Roboto.uexp" 425
"../../../Engine/Content/EngineMaterials/BaseFlattenNormalMap.uasset" 426
"../../../Engine/Content/EngineMaterials/BaseFlattenNormalMap.uexp" 427
"../../../Engine/Content/EngineMaterials/BaseFlattenGrayscaleMap.uasset" 428
"../../../Engine/Content/EngineMaterials/BaseFlattenGrayscaleMap.uexp" 429
"../../../Engine/Content/EngineMaterials/BaseFlattenEmissiveMap.uasset" 430
"../../../Engine/Content/EngineMaterials/BaseFlattenEmissiveMap.uexp" 431
"../../../Engine/Content/EngineMaterials/BaseFlattenDiffuseMap.uasset" 432
"../../../Engine/Content/EngineMaterials/BaseFlattenDiffuseMap.uexp" 433
"../../../Engine/Content/EngineMaterials/BaseFlattenMaterial.uasset" 434
"../../../Engine/Content/EngineMaterials/BaseFlattenMaterial.uexp" 435
"../../../Engine/Content/EngineMaterials/BlueNoise.uasset" 436
"../../../Engine/Content/EngineMaterials/BlueNoise.uexp" 437
"../../../Engine/Content/EngineMaterials/DefaultBloomKernel.uasset" 438
"../../../Engine/Content/EngineMaterials/DefaultBloomKernel.uexp" 439
"../../../Engine/Content/EngineMaterials/DefaultBokeh.uasset" 440
"../../../Engine/Content/EngineMaterials/DefaultBokeh.uexp" 441
"../../../Engine/Content/EngineMaterials/DefaultDiffuse.uasset" 442
"../../../Engine/Content/EngineMaterials/DefaultDiffuse.uexp" 443
"../../../Engine/Content/EngineMaterials/DefaultDiffuse.ubulk" 444
"../../../Engine/Content/EngineMaterials/DefaultDeferredDecalMaterial.uasset" 445
"../../../Engine/Content/EngineMaterials/DefaultDeferredDecalMaterial.uexp" 446
"../../../Engine/Content/EngineMaterials/DefaultLightFunctionMaterial.uasset" 447
"../../../Engine/Content/EngineMaterials/DefaultLightFunctionMaterial.uexp" 448
"../../../Engine/Content/EngineMaterials/DefaultPhysicalMaterial.uasset" 449
"../../../Engine/Content/EngineMaterials/DefaultPhysicalMaterial.uexp" 450
"../../../Engine/Content/Functions/Engine_MaterialFunctions02/Utility/BreakOutFloat2Components.uasset" 451
"../../../Engine/Content/Functions/Engine_MaterialFunctions02/Utility/BreakOutFloat2Components.uexp" 452
"../../../Engine/Content/EngineMaterials/DefaultPostProcessMaterial.uasset" 453
"../../../Engine/Content/EngineMaterials/DefaultPostProcessMaterial.uexp" 454
"../../../Engine/Content/EngineFonts/RobotoDistanceField.uasset" 455
"../../../Engine/Content/EngineFonts/RobotoDistanceField.uexp" 456
"../../../Engine/Content/EngineMaterials/DefaultTextMaterialOpaque.uasset" 457
"../../../Engine/Content/EngineMaterials/DefaultTextMaterialOpaque.uexp" 458
"../../../Engine/Content/EngineMaterials/DefaultWhiteGrid.uasset" 459
"../../../Engine/Content/EngineMaterials/DefaultWhiteGrid.uexp" 460
"../../../Engine/Content/EngineMaterials/DefaultWhiteGrid.ubulk" 461
"../../../Engine/Content/EngineMaterials/DefaultWhiteGrid_Low.uasset" 462
"../../../Engine/Content/EngineMaterials/DefaultWhiteGrid_Low.uexp" 463
"../../../Engine/Content/EngineMaterials/EmissiveMeshMaterial.uasset" 464
"../../../Engine/Content/EngineMaterials/EmissiveMeshMaterial.uexp" 465
"../../../Engine/Content/EngineMaterials/GizmoMaterial.uasset" 466
"../../../Engine/Content/EngineMaterials/GizmoMaterial.uexp" 467
"../../../Engine/Content/EngineMaterials/Good64x64TilingNoiseHighFreq.uasset" 468
"../../../Engine/Content/EngineMaterials/Good64x64TilingNoiseHighFreq.uexp" 469
"../../../Engine/Content/EngineMaterials/MiniFont.uasset" 470
"../../../Engine/Content/EngineMaterials/MiniFont.uexp" 471
"../../../Engine/Content/EngineMaterials/InvalidLightmapSettings.uasset" 472
"../../../Engine/Content/EngineMaterials/InvalidLightmapSettings.uexp" 473
"../../../Engine/Content/EngineMaterials/InvalidLightmapSettings.ubulk" 474
"../../../Engine/Content/EngineMaterials/M_InvalidLightmapSettings.uasset" 475
"../../../Engine/Content/EngineMaterials/M_InvalidLightmapSettings.uexp" 476
"../../../Engine/Content/Functions/Engine_MaterialFunctions02/WorldPositionOffset/CameraOffset.uasset" 477
"../../../Engine/Content/Functions/Engine_MaterialFunctions02/WorldPositionOffset/CameraOffset.uexp" 478
"../../../Engine/Content/EngineMaterials/PhAT_JointLimitMaterial.uasset" 479
"../../../Engine/Content/EngineMaterials/PhAT_JointLimitMaterial.uexp" 480
"../../../Engine/Content/EngineMaterials/DefaultCalibrationColor.uasset" 481
"../../../Engine/Content/EngineMaterials/DefaultCalibrationColor.uexp" 482
"../../../Engine/Content/EngineMaterials/PPM_DefaultCalibrationColor.uasset" 483
"../../../Engine/Content/EngineMaterials/PPM_DefaultCalibrationColor.uexp" 484
"../../../Engine/Content/EngineMaterials/DefaultCalibrationGrayscale.uasset" 485
"../../../Engine/Content/EngineMaterials/DefaultCalibrationGrayscale.uexp" 486
"../../../Engine/Content/EngineMaterials/PPM_DefaultCalibrationGrayscale.uasset" 487
"../../../Engine/Content/EngineMaterials/PPM_DefaultCalibrationGrayscale.uexp" 488
"../../../Engine/Content/EngineMaterials/PreintegratedSkinBRDF.uasset" 489
"../../../Engine/Content/EngineMaterials/PreintegratedSkinBRDF.uexp" 490
"../../../Engine/Content/EngineMaterials/RemoveSurfaceMaterial.uasset" 491
"../../../Engine/Content/EngineMaterials/RemoveSurfaceMaterial.uexp" 492
"../../../Engine/Content/EngineMaterials/WeightMapPlaceholderTexture.uasset" 493
"../../../Engine/Content/EngineMaterials/WeightMapPlaceholderTexture.uexp" 494
"../../../Engine/Content/EngineResources/WhiteSquareTexture.uasset" 495
"../../../Engine/Content/EngineResources/WhiteSquareTexture.uexp" 496
"../../../Engine/Content/EngineMaterials/Widget3DPassThrough.uasset" 497
"../../../Engine/Content/EngineMaterials/Widget3DPassThrough.uexp" 498
"../../../Engine/Content/EngineMaterials/Widget3DPassThrough_Masked.uasset" 499
"../../../Engine/Content/EngineMaterials/Widget3DPassThrough_Masked.uexp" 500
"../../../Engine/Content/EngineMaterials/Widget3DPassThrough_Opaque.uasset" 501
"../../../Engine/Content/EngineMaterials/Widget3DPassThrough_Opaque.uexp" 502
"../../../Engine/Content/EngineMaterials/Widget3DPassThrough_Masked_OneSided.uasset" 503
"../../../Engine/Content/EngineMaterials/Widget3DPassThrough_Masked_OneSided.uexp" 504
"../../../Engine/Content/EngineMaterials/Widget3DPassThrough_Opaque_OneSided.uasset" 505
"../../../Engine/Content/EngineMaterials/Widget3DPassThrough_Opaque_OneSided.uexp" 506
"../../../Engine/Content/EngineMaterials/Widget3DPassThrough_Translucent.uasset" 507
"../../../Engine/Content/EngineMaterials/Widget3DPassThrough_Translucent.uexp" 508
"../../../Engine/Content/EngineMaterials/Widget3DPassThrough_Translucent_OneSided.uasset" 509
"../../../Engine/Content/EngineMaterials/Widget3DPassThrough_Translucent_OneSided.uexp" 510
"../../../Engine/Content/EngineMeshes/Cylinder.uasset" 511
"../../../Engine/Content/EngineMeshes/Cylinder.uexp" 512
"../../../Engine/Content/EngineMeshes/Sphere.uasset" 513
"../../../Engine/Content/EngineMeshes/Sphere.uexp" 514
"../../../Engine/Content/EngineResources/DefaultTexture.uasset" 515
"../../../Engine/Content/EngineResources/DefaultTexture.uexp" 516
"../../../Engine/Content/EngineResources/DefaultTexture.ubulk" 517
"../../../Engine/Content/EngineResources/DefaultTextureCube.uasset" 518
"../../../Engine/Content/EngineResources/DefaultTextureCube.uexp" 519
"../../../Engine/Content/EngineResources/DefaultVolumeTexture2D.uasset" 520
"../../../Engine/Content/EngineResources/DefaultVolumeTexture2D.uexp" 521
"../../../Engine/Content/EngineResources/DefaultVolumeTexture.uasset" 522
"../../../Engine/Content/EngineResources/DefaultVolumeTexture.uexp" 523
"../../../Engine/Content/EngineResources/GradientTexture0.uasset" 524
"../../../Engine/Content/EngineResources/GradientTexture0.uexp" 525
"../../../Engine/Content/EngineSky/VolumetricClouds/T_NoiseShape64.uasset" 526
"../../../Engine/Content/EngineSky/VolumetricClouds/T_NoiseShape64.uexp" 527
"../../../Engine/Content/EngineSky/VolumetricClouds/T_NoiseShape64.ubulk" 528
"../../../Engine/Content/EngineSky/VolumetricClouds/T_VolumeNoiseShape64.uasset" 529
"../../../Engine/Content/EngineSky/VolumetricClouds/T_VolumeNoiseShape64.uexp" 530
"../../../Engine/Content/EngineSky/VolumetricClouds/T_NoiseErosion.uasset" 531
"../../../Engine/Content/EngineSky/VolumetricClouds/T_NoiseErosion.uexp" 532
"../../../Engine/Content/EngineSky/VolumetricClouds/T_NoiseErosion.ubulk" 533
"../../../Engine/Content/EngineSky/VolumetricClouds/T_VolumeNoiseErosion32.uasset" 534
"../../../Engine/Content/EngineSky/VolumetricClouds/T_VolumeNoiseErosion32.uexp" 535
"../../../Engine/Content/EngineSky/VolumetricClouds/CloudWeatherTexture.uasset" 536
"../../../Engine/Content/EngineSky/VolumetricClouds/CloudWeatherTexture.uexp" 537
"../../../Engine/Content/EngineSky/VolumetricClouds/CloudGradientTexture.uasset" 538
"../../../Engine/Content/EngineSky/VolumetricClouds/CloudGradientTexture.uexp" 539
"../../../Engine/Content/Functions/Engine_MaterialFunctions02/Utility/MakeFloat2.uasset" 540
"../../../Engine/Content/Functions/Engine_MaterialFunctions02/Utility/MakeFloat2.uexp" 541
"../../../Engine/Content/EngineSky/VolumetricClouds/m_SimpleVolumetricCloud.uasset" 542
"../../../Engine/Content/EngineSky/VolumetricClouds/m_SimpleVolumetricCloud.uexp" 543
"../../../Engine/Content/EngineSky/VolumetricClouds/m_SimpleVolumetricCloud_Inst.uasset" 544
"../../../Engine/Content/EngineSky/VolumetricClouds/m_SimpleVolumetricCloud_Inst.uexp" 545
"../../../Engine/Content/EngineSounds/Master.uasset" 546
"../../../Engine/Content/EngineSounds/Master.uexp" 547
"../../../Engine/Content/Functions/Engine_MaterialFunctions01/Shading/PowerToRoughness.uasset" 548
"../../../Engine/Content/Functions/Engine_MaterialFunctions01/Shading/PowerToRoughness.uexp" 549
"../../../Engine/Content/Maps/Templates/Thumbnails/Default.uasset" 550
"../../../Engine/Content/Maps/Templates/Thumbnails/Default.uexp" 551
"../../../Engine/Content/Maps/Templates/Thumbnails/TimeOfDay.uasset" 552
"../../../Engine/Content/Maps/Templates/Thumbnails/TimeOfDay.uexp" 553
"../../../Engine/Content/Maps/Templates/Thumbnails/VR-Basic.uasset" 554
"../../../Engine/Content/Maps/Templates/Thumbnails/VR-Basic.uexp" 555
"../../../Engine/Content/MobileResources/T_MobileControls_texture.uasset" 556
"../../../Engine/Content/MobileResources/T_MobileControls_texture.uexp" 557
"../../../Engine/Content/MobileResources/T_MobileMenu2.uasset" 558
"../../../Engine/Content/MobileResources/T_MobileMenu2.uexp" 559
"../../../Engine/Content/MobileResources/HUD/AnalogHat.uasset" 560
"../../../Engine/Content/MobileResources/HUD/AnalogHat.uexp" 561
"../../../Engine/Content/MobileResources/HUD/VirtualJoystick_Thumb.uasset" 562
"../../../Engine/Content/MobileResources/HUD/VirtualJoystick_Thumb.uexp" 563
"../../../Engine/Content/MobileResources/HUD/VirtualJoystick_Background.uasset" 564
"../../../Engine/Content/MobileResources/HUD/VirtualJoystick_Background.uexp" 565
"../../../Engine/Content/MobileResources/HUD/DefaultVirtualJoysticks.uasset" 566
"../../../Engine/Content/MobileResources/HUD/DefaultVirtualJoysticks.uexp" 567
"../../../Engine/Content/MobileResources/HUD/LeftVirtualJoystickOnly.uasset" 568
"../../../Engine/Content/MobileResources/HUD/LeftVirtualJoystickOnly.uexp" 569
"../../../Engine/Content/MobileResources/HUD/MobileHUDButton1_off.uasset" 570
"../../../Engine/Content/MobileResources/HUD/MobileHUDButton1_off.uexp" 571
"../../../Engine/Content/MobileResources/HUD/MobileHUDButton1_on.uasset" 572
"../../../Engine/Content/MobileResources/HUD/MobileHUDButton1_on.uexp" 573
"../../../Engine/Content/MobileResources/HUD/MobileHUDButton2_off.uasset" 574
"../../../Engine/Content/MobileResources/HUD/MobileHUDButton2_off.uexp" 575
"../../../Engine/Content/MobileResources/HUD/MobileHUDButton2_on.uasset" 576
"../../../Engine/Content/MobileResources/HUD/MobileHUDButton2_on.uexp" 577
"../../../Engine/Content/MobileResources/HUD/MobileHUDButton3.uasset" 578
"../../../Engine/Content/MobileResources/HUD/MobileHUDButton3.uexp" 579
"../../../Engine/Content/MobileResources/HUD/MobileHUDButtonFire.uasset" 580
"../../../Engine/Content/MobileResources/HUD/MobileHUDButtonFire.uexp" 581
"../../../Engine/Content/MobileResources/HUD/MobileHUDDirectionPad.uasset" 582
"../../../Engine/Content/MobileResources/HUD/MobileHUDDirectionPad.uexp" 583
"../../../Engine/Content/MobileResources/HUD/MobileHUDDirectionPad2.uasset" 584
"../../../Engine/Content/MobileResources/HUD/MobileHUDDirectionPad2.uexp" 585
"../../../Engine/Content/MobileResources/HUD/MobileHUDDirectionPad3.uasset" 586
"../../../Engine/Content/MobileResources/HUD/MobileHUDDirectionPad3.uexp" 587
"../../../Engine/Content/MobileResources/HUD/MobileHUDDirectionStick.uasset" 588
"../../../Engine/Content/MobileResources/HUD/MobileHUDDirectionStick.uexp" 589
"../../../Engine/Content/MobileResources/HUD/T_Castle_ThumbstickInner.uasset" 590
"../../../Engine/Content/MobileResources/HUD/T_Castle_ThumbstickInner.uexp" 591
"../../../Engine/Content/MobileResources/HUD/T_Castle_ThumbstickOutter.uasset" 592
"../../../Engine/Content/MobileResources/HUD/T_Castle_ThumbstickOutter.uexp" 593
"../../../Engine/Content/Tutorial/ContentIntroCurve.uasset" 594
"../../../Engine/Content/Tutorial/ContentIntroCurve.uexp" 595
"../../../Engine/Content/Tutorial/Basics/TutorialAssets/icon_tab_Levels_40x.uasset" 596
"../../../Engine/Content/Tutorial/Basics/TutorialAssets/icon_tab_Levels_40x.uexp" 597
"../../../Engine/Content/Tutorial/BlueprintTutorials/TutorialAssets/Blueprint_64x.uasset" 598
"../../../Engine/Content/Tutorial/BlueprintTutorials/TutorialAssets/Blueprint_64x.uexp" 599
"../../../Engine/Content/VREditor/TransformGizmo/TranslucentTransformGizmoMaterial.uasset" 600
"../../../Engine/Content/VREditor/TransformGizmo/TranslucentTransformGizmoMaterial.uexp" 601
"../../../Engine/Content/VREditor/LaserPointer/VR_LaserPower_01.uasset" 602
"../../../Engine/Content/VREditor/LaserPointer/VR_LaserPower_01.uexp" 603
"../../../Engine/Content/VREditor/LaserPointer/VR_LaserPower_01.ubulk" 604
"../../../Engine/Content/VREditor/TransformGizmo/TransformGizmoMaterial.uasset" 605
"../../../Engine/Content/VREditor/TransformGizmo/TransformGizmoMaterial.uexp" 606
"../../../Engine/Content/VREditor/TransformGizmo/BoundingBoxCorner.uasset" 607
"../../../Engine/Content/VREditor/TransformGizmo/BoundingBoxCorner.uexp" 608
"../../../Engine/Content/VREditor/TransformGizmo/BoundingBoxEdge.uasset" 609
"../../../Engine/Content/VREditor/TransformGizmo/BoundingBoxEdge.uexp" 610
"../../../Engine/Content/VREditor/TransformGizmo/PlaneTranslationHandle.uasset" 611
"../../../Engine/Content/VREditor/TransformGizmo/PlaneTranslationHandle.uexp" 612
"../../../Engine/Content/VREditor/TransformGizmo/Xray.uasset" 613
"../../../Engine/Content/VREditor/TransformGizmo/Xray.uexp" 614
"../../../Engine/Content/VREditor/TransformGizmo/Main.uasset" 615
"../../../Engine/Content/VREditor/TransformGizmo/Main.uexp" 616
"../../../Engine/Content/VREditor/TransformGizmo/SM_Sequencer_Key.uasset" 617
"../../../Engine/Content/VREditor/TransformGizmo/SM_Sequencer_Key.uexp" 618
"../../../Engine/Content/VREditor/TransformGizmo/SM_Sequencer_Node.uasset" 619
"../../../Engine/Content/VREditor/TransformGizmo/SM_Sequencer_Node.uexp" 620
"../../../Engine/Plugins/2D/Paper2D/Content/PlaceholderTextures/DummySpriteTexture.uasset" 621
"../../../Engine/Plugins/2D/Paper2D/Content/PlaceholderTextures/DummySpriteTexture.uexp" 622
"../../../Engine/Plugins/2D/Paper2D/Content/PlaceholderTextures/DummySpriteTexture.ubulk" 623
"../../../Engine/Plugins/2D/Paper2D/Content/DummySprite.uasset" 624
"../../../Engine/Plugins/2D/Paper2D/Content/DummySprite.uexp" 625
"../../../Engine/Plugins/2D/Paper2D/Content/DefaultPaperTerrainMaterial.uasset" 626
"../../../Engine/Plugins/2D/Paper2D/Content/DefaultPaperTerrainMaterial.uexp" 627
"../../../Engine/Plugins/2D/Paper2D/Content/DefaultSpriteMaterial.uasset" 628
"../../../Engine/Plugins/2D/Paper2D/Content/DefaultSpriteMaterial.uexp" 629
"../../../Engine/Plugins/2D/Paper2D/Content/MaskedUnlitSpriteMaterial.uasset" 630
"../../../Engine/Plugins/2D/Paper2D/Content/MaskedUnlitSpriteMaterial.uexp" 631
"../../../Engine/Plugins/2D/Paper2D/Content/OpaqueUnlitSpriteMaterial.uasset" 632
"../../../Engine/Plugins/2D/Paper2D/Content/OpaqueUnlitSpriteMaterial.uexp" 633
"../../../Engine/Content/Functions/Engine_MaterialFunctions02/Utility/VectorLength.uasset" 634
"../../../Engine/Content/Functions/Engine_MaterialFunctions02/Utility/VectorLength.uexp" 635
"../../../Engine/Content/Functions/Engine_MaterialFunctions02/WorldPositionOffset/ObjectScale.uasset" 636
"../../../Engine/Content/Functions/Engine_MaterialFunctions02/WorldPositionOffset/ObjectScale.uexp" 637
"../../../Engine/Content/Functions/Engine_MaterialFunctions02/Utility/BreakOutFloat3Components.uasset" 638
"../../../Engine/Content/Functions/Engine_MaterialFunctions02/Utility/BreakOutFloat3Components.uexp" 639
"../../../Engine/Content/Functions/Engine_MaterialFunctions02/ObjectLocalBounds.uasset" 640
"../../../Engine/Content/Functions/Engine_MaterialFunctions02/ObjectLocalBounds.uexp" 641
"../../../Engine/Plugins/Editor/SpeedTreeImporter/Content/SpeedTree9/UnpackInteger3.uasset" 642
"../../../Engine/Plugins/Editor/SpeedTreeImporter/Content/SpeedTree9/UnpackInteger3.uexp" 643
"../../../Engine/Plugins/Editor/SpeedTreeImporter/Content/SpeedTree9/UnpackDirection.uasset" 644
"../../../Engine/Plugins/Editor/SpeedTreeImporter/Content/SpeedTree9/UnpackDirection.uexp" 645
"../../../Engine/Plugins/Editor/SpeedTreeImporter/Content/SpeedTree9/game_wind_noise.uasset" 646
"../../../Engine/Plugins/Editor/SpeedTreeImporter/Content/SpeedTree9/game_wind_noise.uexp" 647
"../../../Engine/Plugins/Editor/SpeedTreeImporter/Content/SpeedTree9/game_wind_noise.ubulk" 648
"../../../Engine/Content/Functions/Engine_MaterialFunctions02/SafeNormalize.uasset" 649
"../../../Engine/Content/Functions/Engine_MaterialFunctions02/SafeNormalize.uexp" 650
"../../../Engine/Plugins/Editor/SpeedTreeImporter/Content/SpeedTree9/SpeedTreeWindMotion.uasset" 651
"../../../Engine/Plugins/Editor/SpeedTreeImporter/Content/SpeedTree9/SpeedTreeWindMotion.uexp" 652
"../../../Engine/Plugins/Editor/SpeedTreeImporter/Content/SpeedTree9/SpeedTreeBranchMotion.uasset" 653
"../../../Engine/Plugins/Editor/SpeedTreeImporter/Content/SpeedTree9/SpeedTreeBranchMotion.uexp" 654
"../../../Engine/Content/Functions/Engine_MaterialFunctions02/UVs/BoundingBoxBased_0-1_UVW.uasset" 655
"../../../Engine/Content/Functions/Engine_MaterialFunctions02/UVs/BoundingBoxBased_0-1_UVW.uexp" 656
"../../../Engine/Plugins/Editor/SpeedTreeImporter/Content/SpeedTree9/SpeedTreeWind.uasset" 657
"../../../Engine/Plugins/Editor/SpeedTreeImporter/Content/SpeedTree9/SpeedTreeWind.uexp" 658
"../../../Engine/Plugins/Editor/SpeedTreeImporter/Content/SpeedTree9/SpeedTreeBillboard.uasset" 659
"../../../Engine/Plugins/Editor/SpeedTreeImporter/Content/SpeedTree9/SpeedTreeBillboard.uexp" 660
"../../../Engine/Plugins/Editor/SpeedTreeImporter/Content/SpeedTree9/EmptyNormal.uasset" 661
"../../../Engine/Plugins/Editor/SpeedTreeImporter/Content/SpeedTree9/EmptyNormal.uexp" 662
"../../../Engine/Plugins/Editor/SpeedTreeImporter/Content/SpeedTree9/Empty.uasset" 663
"../../../Engine/Plugins/Editor/SpeedTreeImporter/Content/SpeedTree9/Empty.uexp" 664
"../../../Engine/Plugins/Editor/SpeedTreeImporter/Content/SpeedTree9/SpeedTreeBillboardMaster.uasset" 665
"../../../Engine/Plugins/Editor/SpeedTreeImporter/Content/SpeedTree9/SpeedTreeBillboardMaster.uexp" 666
"../../../Engine/Plugins/Editor/SpeedTreeImporter/Content/SpeedTree9/SpeedTreeCameraFacing.uasset" 667
"../../../Engine/Plugins/Editor/SpeedTreeImporter/Content/SpeedTree9/SpeedTreeCameraFacing.uexp" 668
"../../../Engine/Plugins/Editor/SpeedTreeImporter/Content/SpeedTree9/SpeedTreeMaster.uasset" 669
"../../../Engine/Plugins/Editor/SpeedTreeImporter/Content/SpeedTree9/SpeedTreeMaster.uexp" 670
"../../../Engine/Content/BasicShapes/Cylinder.uasset" 671
"../../../Engine/Content/BasicShapes/Cylinder.uexp" 672
"../../../Engine/Content/ArtTools/RenderToTexture/Materials/Debug/M_Emissive_Color.uasset" 673
"../../../Engine/Content/ArtTools/RenderToTexture/Materials/Debug/M_Emissive_Color.uexp" 674
"../../../Engine/Plugins/Runtime/OpenXR/Content/Devices/GoogleDaydream/MRTexture.uasset" 675
"../../../Engine/Plugins/Runtime/OpenXR/Content/Devices/GoogleDaydream/MRTexture.uexp" 676
"../../../Engine/Plugins/Runtime/OpenXR/Content/Devices/GoogleDaydream/MRTexture.ubulk" 677
"../../../Engine/Plugins/Runtime/OpenXR/Content/Devices/GoogleDaydream/BaseTexture.uasset" 678
"../../../Engine/Plugins/Runtime/OpenXR/Content/Devices/GoogleDaydream/BaseTexture.uexp" 679
"../../../Engine/Plugins/Runtime/OpenXR/Content/Devices/GoogleDaydream/BaseTexture.ubulk" 680
"../../../Engine/Content/EngineResources/Black.uasset" 681
"../../../Engine/Content/EngineResources/Black.uexp" 682
"../../../Engine/Plugins/Runtime/OpenXR/Content/Devices/M_XRController.uasset" 683
"../../../Engine/Plugins/Runtime/OpenXR/Content/Devices/M_XRController.uexp" 684
"../../../Engine/Plugins/Runtime/OpenXR/Content/Devices/GoogleDaydream/MI_GoogleDaydream.uasset" 685
"../../../Engine/Plugins/Runtime/OpenXR/Content/Devices/GoogleDaydream/MI_GoogleDaydream.uexp" 686
"../../../Engine/Plugins/Runtime/OpenXR/Content/Devices/GoogleDaydream/GoogleDaydreamController.uasset" 687
"../../../Engine/Plugins/Runtime/OpenXR/Content/Devices/GoogleDaydream/GoogleDaydreamController.uexp" 688
"../../../Engine/Plugins/Runtime/OpenXR/Content/Devices/HTCVive/BaseTexture.uasset" 689
"../../../Engine/Plugins/Runtime/OpenXR/Content/Devices/HTCVive/BaseTexture.uexp" 690
"../../../Engine/Plugins/Runtime/OpenXR/Content/Devices/HTCVive/BaseTexture.ubulk" 691
"../../../Engine/Plugins/Runtime/OpenXR/Content/Devices/HTCVive/MI_HTCVive.uasset" 692
"../../../Engine/Plugins/Runtime/OpenXR/Content/Devices/HTCVive/MI_HTCVive.uexp" 693
"../../../Engine/Plugins/Runtime/OpenXR/Content/Devices/HTCVive/HTCViveController.uasset" 694
"../../../Engine/Plugins/Runtime/OpenXR/Content/Devices/HTCVive/HTCViveController.uexp" 695
"../../../Engine/Plugins/Runtime/OpenXR/Content/Devices/MicrosoftMixedReality/NormalTexture.uasset" 696
"../../../Engine/Plugins/Runtime/OpenXR/Content/Devices/MicrosoftMixedReality/NormalTexture.uexp" 697
"../../../Engine/Plugins/Runtime/OpenXR/Content/Devices/MicrosoftMixedReality/NormalTexture.ubulk" 698
"../../../Engine/Plugins/Runtime/OpenXR/Content/Devices/MicrosoftMixedReality/MRTexture.uasset" 699
"../../../Engine/Plugins/Runtime/OpenXR/Content/Devices/MicrosoftMixedReality/MRTexture.uexp" 700
"../../../Engine/Plugins/Runtime/OpenXR/Content/Devices/MicrosoftMixedReality/MRTexture.ubulk" 701
"../../../Engine/Plugins/Runtime/OpenXR/Content/Devices/MicrosoftMixedReality/EmissiveTexture.uasset" 702
"../../../Engine/Plugins/Runtime/OpenXR/Content/Devices/MicrosoftMixedReality/EmissiveTexture.uexp" 703
"../../../Engine/Plugins/Runtime/OpenXR/Content/Devices/MicrosoftMixedReality/EmissiveTexture.ubulk" 704
"../../../Engine/Plugins/Runtime/OpenXR/Content/Devices/MicrosoftMixedReality/BaseTexture.uasset" 705
"../../../Engine/Plugins/Runtime/OpenXR/Content/Devices/MicrosoftMixedReality/BaseTexture.uexp" 706
"../../../Engine/Plugins/Runtime/OpenXR/Content/Devices/MicrosoftMixedReality/BaseTexture.ubulk" 707
"../../../Engine/Plugins/Runtime/OpenXR/Content/Devices/MicrosoftMixedReality/MI_MicrosoftMixedReality.uasset" 708
"../../../Engine/Plugins/Runtime/OpenXR/Content/Devices/MicrosoftMixedReality/MI_MicrosoftMixedReality.uexp" 709
"../../../Engine/Plugins/Runtime/OpenXR/Content/Devices/MicrosoftMixedReality/Left/left_MicrosoftMixedRealityController.uasset" 710
"../../../Engine/Plugins/Runtime/OpenXR/Content/Devices/MicrosoftMixedReality/Left/left_MicrosoftMixedRealityController.uexp" 711
"../../../Engine/Plugins/Runtime/OpenXR/Content/Devices/MicrosoftMixedReality/Right/right_MicrosoftMixedRealityController.uasset" 712
"../../../Engine/Plugins/Runtime/OpenXR/Content/Devices/MicrosoftMixedReality/Right/right_MicrosoftMixedRealityController.uexp" 713
"../../../Engine/Plugins/Runtime/OpenXR/Content/Devices/OculusGo/BaseTexture.uasset" 714
"../../../Engine/Plugins/Runtime/OpenXR/Content/Devices/OculusGo/BaseTexture.uexp" 715
"../../../Engine/Plugins/Runtime/OpenXR/Content/Devices/OculusGo/BaseTexture.ubulk" 716
"../../../Engine/Plugins/Runtime/OpenXR/Content/Devices/OculusGo/MI_OculusGo.uasset" 717
"../../../Engine/Plugins/Runtime/OpenXR/Content/Devices/OculusGo/MI_OculusGo.uexp" 718
"../../../Engine/Plugins/Runtime/OpenXR/Content/Devices/OculusGo/OculusGoController.uasset" 719
"../../../Engine/Plugins/Runtime/OpenXR/Content/Devices/OculusGo/OculusGoController.uexp" 720
"../../../Engine/Plugins/Runtime/OpenXR/Content/Devices/OculusTouch/MRTexture.uasset" 721
"../../../Engine/Plugins/Runtime/OpenXR/Content/Devices/OculusTouch/MRTexture.uexp" 722
"../../../Engine/Plugins/Runtime/OpenXR/Content/Devices/OculusTouch/MRTexture.ubulk" 723
"../../../Engine/Plugins/Runtime/OpenXR/Content/Devices/OculusTouch/BaseTexture.uasset" 724
"../../../Engine/Plugins/Runtime/OpenXR/Content/Devices/OculusTouch/BaseTexture.uexp" 725
"../../../Engine/Plugins/Runtime/OpenXR/Content/Devices/OculusTouch/BaseTexture.ubulk" 726
"../../../Engine/Plugins/Runtime/OpenXR/Content/Devices/OculusTouch/MI_OculusTouch.uasset" 727
"../../../Engine/Plugins/Runtime/OpenXR/Content/Devices/OculusTouch/MI_OculusTouch.uexp" 728
"../../../Engine/Plugins/Runtime/OpenXR/Content/Devices/OculusTouch/Left/left_OculusTouchController.uasset" 729
"../../../Engine/Plugins/Runtime/OpenXR/Content/Devices/OculusTouch/Left/left_OculusTouchController.uexp" 730
"../../../Engine/Plugins/Runtime/OpenXR/Content/Devices/OculusTouch/Right/right_OculusTouchController.uasset" 731
"../../../Engine/Plugins/Runtime/OpenXR/Content/Devices/OculusTouch/Right/right_OculusTouchController.uexp" 732
"../../../Engine/Plugins/Runtime/OpenXR/Content/Devices/OculusTouch_v2/MRTexture.uasset" 733
"../../../Engine/Plugins/Runtime/OpenXR/Content/Devices/OculusTouch_v2/MRTexture.uexp" 734
"../../../Engine/Plugins/Runtime/OpenXR/Content/Devices/OculusTouch_v2/MRTexture.ubulk" 735
"../../../Engine/Plugins/Runtime/OpenXR/Content/Devices/OculusTouch_v2/BaseTexture.uasset" 736
"../../../Engine/Plugins/Runtime/OpenXR/Content/Devices/OculusTouch_v2/BaseTexture.uexp" 737
"../../../Engine/Plugins/Runtime/OpenXR/Content/Devices/OculusTouch_v2/BaseTexture.ubulk" 738
"../../../Engine/Plugins/Runtime/OpenXR/Content/Devices/OculusTouch_v2/MI_OculusTouch_v2.uasset" 739
"../../../Engine/Plugins/Runtime/OpenXR/Content/Devices/OculusTouch_v2/MI_OculusTouch_v2.uexp" 740
"../../../Engine/Plugins/Runtime/OpenXR/Content/Devices/OculusTouch_v2/Left/left_OculusTouch_v2Controller.uasset" 741
"../../../Engine/Plugins/Runtime/OpenXR/Content/Devices/OculusTouch_v2/Left/left_OculusTouch_v2Controller.uexp" 742
"../../../Engine/Plugins/Runtime/OpenXR/Content/Devices/OculusTouch_v2/Right/right_OculusTouch_v2Controller.uasset" 743
"../../../Engine/Plugins/Runtime/OpenXR/Content/Devices/OculusTouch_v2/Right/right_OculusTouch_v2Controller.uexp" 744
"../../../Engine/Plugins/Runtime/OpenXR/Content/Devices/OculusTouch_v3/MRTexture.uasset" 745
"../../../Engine/Plugins/Runtime/OpenXR/Content/Devices/OculusTouch_v3/MRTexture.uexp" 746
"../../../Engine/Plugins/Runtime/OpenXR/Content/Devices/OculusTouch_v3/MRTexture.ubulk" 747
"../../../Engine/Plugins/Runtime/OpenXR/Content/Devices/OculusTouch_v3/BaseTexture.uasset" 748
"../../../Engine/Plugins/Runtime/OpenXR/Content/Devices/OculusTouch_v3/BaseTexture.uexp" 749
"../../../Engine/Plugins/Runtime/OpenXR/Content/Devices/OculusTouch_v3/BaseTexture.ubulk" 750
"../../../Engine/Plugins/Runtime/OpenXR/Content/Devices/OculusTouch_v3/MI_OculusTouch_v3.uasset" 751
"../../../Engine/Plugins/Runtime/OpenXR/Content/Devices/OculusTouch_v3/MI_OculusTouch_v3.uexp" 752
"../../../Engine/Plugins/Runtime/OpenXR/Content/Devices/OculusTouch_v3/Left/left_OculusTouch_v3Controller.uasset" 753
"../../../Engine/Plugins/Runtime/OpenXR/Content/Devices/OculusTouch_v3/Left/left_OculusTouch_v3Controller.uexp" 754
"../../../Engine/Plugins/Runtime/OpenXR/Content/Devices/OculusTouch_v3/Right/right_OculusTouch_v3Controller.uasset" 755
"../../../Engine/Plugins/Runtime/OpenXR/Content/Devices/OculusTouch_v3/Right/right_OculusTouch_v3Controller.uexp" 756
"../../../Engine/Plugins/Runtime/OpenXR/Content/Devices/ValveIndex/Left/left_MRTexture.uasset" 757
"../../../Engine/Plugins/Runtime/OpenXR/Content/Devices/ValveIndex/Left/left_MRTexture.uexp" 758
"../../../Engine/Plugins/Runtime/OpenXR/Content/Devices/ValveIndex/Left/left_MRTexture.ubulk" 759
"../../../Engine/Plugins/Runtime/OpenXR/Content/Devices/ValveIndex/Left/left_BaseTexture.uasset" 760
"../../../Engine/Plugins/Runtime/OpenXR/Content/Devices/ValveIndex/Left/left_BaseTexture.uexp" 761
"../../../Engine/Plugins/Runtime/OpenXR/Content/Devices/ValveIndex/Left/left_BaseTexture.ubulk" 762
"../../../Engine/Plugins/Runtime/OpenXR/Content/Devices/ValveIndex/Left/MI_left_ValveIndex.uasset" 763
"../../../Engine/Plugins/Runtime/OpenXR/Content/Devices/ValveIndex/Left/MI_left_ValveIndex.uexp" 764
"../../../Engine/Plugins/Runtime/OpenXR/Content/Devices/ValveIndex/Left/left_ValveIndexController.uasset" 765
"../../../Engine/Plugins/Runtime/OpenXR/Content/Devices/ValveIndex/Left/left_ValveIndexController.uexp" 766
"../../../Engine/Plugins/Runtime/OpenXR/Content/Devices/ValveIndex/Right/right_MRTexture.uasset" 767
"../../../Engine/Plugins/Runtime/OpenXR/Content/Devices/ValveIndex/Right/right_MRTexture.uexp" 768
"../../../Engine/Plugins/Runtime/OpenXR/Content/Devices/ValveIndex/Right/right_MRTexture.ubulk" 769
"../../../Engine/Plugins/Runtime/OpenXR/Content/Devices/ValveIndex/Right/right_BaseTexture.uasset" 770
"../../../Engine/Plugins/Runtime/OpenXR/Content/Devices/ValveIndex/Right/right_BaseTexture.uexp" 771
"../../../Engine/Plugins/Runtime/OpenXR/Content/Devices/ValveIndex/Right/right_BaseTexture.ubulk" 772
"../../../Engine/Plugins/Runtime/OpenXR/Content/Devices/ValveIndex/Right/MI_right_ValveIndex.uasset" 773
"../../../Engine/Plugins/Runtime/OpenXR/Content/Devices/ValveIndex/Right/MI_right_ValveIndex.uexp" 774
"../../../Engine/Plugins/Runtime/OpenXR/Content/Devices/ValveIndex/Right/right_ValveIndexController.uasset" 775
"../../../Engine/Plugins/Runtime/OpenXR/Content/Devices/ValveIndex/Right/right_ValveIndexController.uexp" 776
"../../../Engine/Content/Functions/Engine_MaterialFunctions02/Utility/BreakOutFloat4Components.uasset" 777
"../../../Engine/Content/Functions/Engine_MaterialFunctions02/Utility/BreakOutFloat4Components.uexp" 778
"../../../Engine/Content/Functions/Engine_MaterialFunctions02/Utility/MakeFloat3.uasset" 779
"../../../Engine/Content/Functions/Engine_MaterialFunctions02/Utility/MakeFloat3.uexp" 780
"../../../Engine/Plugins/Runtime/Oculus/OculusVR/Content/Materials/OculusMR_ChromaKey.uasset" 781
"../../../Engine/Plugins/Runtime/Oculus/OculusVR/Content/Materials/OculusMR_ChromaKey.uexp" 782
"../../../Engine/Plugins/Runtime/Oculus/OculusVR/Content/Materials/OculusMR_OpaqueColoredMaterial.uasset" 783
"../../../Engine/Plugins/Runtime/Oculus/OculusVR/Content/Materials/OculusMR_OpaqueColoredMaterial.uexp" 784
"../../../Engine/Plugins/Runtime/Oculus/OculusVR/Content/Materials/PokeAHoleMaterial.uasset" 785
"../../../Engine/Plugins/Runtime/Oculus/OculusVR/Content/Materials/PokeAHoleMaterial.uexp" 786
"../../../Engine/Plugins/Runtime/Oculus/OculusVR/Content/Textures/touchController_controlmap.uasset" 787
"../../../Engine/Plugins/Runtime/Oculus/OculusVR/Content/Textures/touchController_controlmap.uexp" 788
"../../../Engine/Plugins/Runtime/Oculus/OculusVR/Content/Textures/touchController_controlmap.ubulk" 789
"../../../Engine/Plugins/Runtime/Oculus/OculusVR/Content/Textures/touchController_albedo.uasset" 790
"../../../Engine/Plugins/Runtime/Oculus/OculusVR/Content/Textures/touchController_albedo.uexp" 791
"../../../Engine/Plugins/Runtime/Oculus/OculusVR/Content/Textures/touchController_albedo.ubulk" 792
"../../../Engine/Plugins/Runtime/Oculus/OculusVR/Content/Materials/touchController_mat.uasset" 793
"../../../Engine/Plugins/Runtime/Oculus/OculusVR/Content/Materials/touchController_mat.uexp" 794
"../../../Engine/Plugins/Runtime/Oculus/OculusVR/Content/Meshes/LeftTouchController.uasset" 795
"../../../Engine/Plugins/Runtime/Oculus/OculusVR/Content/Meshes/LeftTouchController.uexp" 796
"../../../Engine/Plugins/Runtime/Oculus/OculusVR/Content/Textures/TouchForQuestRiftSController_albedo.uasset" 797
"../../../Engine/Plugins/Runtime/Oculus/OculusVR/Content/Textures/TouchForQuestRiftSController_albedo.uexp" 798
"../../../Engine/Plugins/Runtime/Oculus/OculusVR/Content/Textures/TouchForQuestRiftSController_albedo.ubulk" 799
"../../../Engine/Plugins/Runtime/Oculus/OculusVR/Content/Materials/TouchForQuestRiftSControllerMaterial.uasset" 800
"../../../Engine/Plugins/Runtime/Oculus/OculusVR/Content/Materials/TouchForQuestRiftSControllerMaterial.uexp" 801
"../../../Engine/Plugins/Runtime/Oculus/OculusVR/Content/Meshes/LeftTouchForQuestRiftSController.uasset" 802
"../../../Engine/Plugins/Runtime/Oculus/OculusVR/Content/Meshes/LeftTouchForQuestRiftSController.uexp" 803
"../../../Engine/Plugins/Runtime/Oculus/OculusVR/Content/Meshes/RiftHMD.uasset" 804
"../../../Engine/Plugins/Runtime/Oculus/OculusVR/Content/Meshes/RiftHMD.uexp" 805
"../../../Engine/Plugins/Runtime/Oculus/OculusVR/Content/Meshes/RightTouchController.uasset" 806
"../../../Engine/Plugins/Runtime/Oculus/OculusVR/Content/Meshes/RightTouchController.uexp" 807
"../../../Engine/Plugins/Runtime/Oculus/OculusVR/Content/Meshes/RightTouchForQuestRiftSController.uasset" 808
"../../../Engine/Plugins/Runtime/Oculus/OculusVR/Content/Meshes/RightTouchForQuestRiftSController.uexp" 809
"D:/work/UE4Game/Netshoot/Content/Materials/M_Basic.uasset" 810
"D:/work/UE4Game/Netshoot/Content/Materials/M_Basic.uexp" 811
"D:/work/UE4Game/Netshoot/Content/Materials/M_Basic_Inst.uasset" 812
"D:/work/UE4Game/Netshoot/Content/Materials/M_Basic_Inst.uexp" 813
"D:/work/UE4Game/Netshoot/Content/Environment/Trough.uasset" 814
"D:/work/UE4Game/Netshoot/Content/Environment/Trough.uexp" 815
"D:/work/UE4Game/Netshoot/Content/Environment/Horse_TieUp.uasset" 816
"D:/work/UE4Game/Netshoot/Content/Environment/Horse_TieUp.uexp" 817
"D:/work/UE4Game/Netshoot/Content/Environment/Ground.uasset" 818
"D:/work/UE4Game/Netshoot/Content/Environment/Ground.uexp" 819
"D:/work/UE4Game/Netshoot/Content/Environment/Crate.uasset" 820
"D:/work/UE4Game/Netshoot/Content/Environment/Crate.uexp" 821
"D:/work/UE4Game/Netshoot/Content/Environment/Building_01.uasset" 822
"D:/work/UE4Game/Netshoot/Content/Environment/Building_01.uexp" 823
"D:/work/UE4Game/Netshoot/Content/Environment/Building_00.uasset" 824
"D:/work/UE4Game/Netshoot/Content/Environment/Building_00.uexp" 825
"D:/work/UE4Game/Netshoot/Content/Environment/Barrel.uasset" 826
"D:/work/UE4Game/Netshoot/Content/Environment/Barrel.uexp" 827
"D:/work/UE4Game/Netshoot/Content/Audio/Starter_Wind06.uasset" 828
"D:/work/UE4Game/Netshoot/Content/Audio/Starter_Wind06.uexp" 829
"D:/work/UE4Game/Netshoot/Content/Audio/Starter_Wind05.uasset" 830
"D:/work/UE4Game/Netshoot/Content/Audio/Starter_Wind05.uexp" 831
"D:/work/UE4Game/Netshoot/Content/Audio/Starter_Birds01.uasset" 832
"D:/work/UE4Game/Netshoot/Content/Audio/Starter_Birds01.uexp" 833
"D:/work/UE4Game/Netshoot/Content/Audio/Starter_Background_Cue.uasset" 834
"D:/work/UE4Game/Netshoot/Content/Audio/Starter_Background_Cue.uexp" 835
"D:/work/UE4Game/Netshoot/Content/Maps/Level_01_BuiltData.uasset" 836
"D:/work/UE4Game/Netshoot/Content/Maps/Level_01_BuiltData.uexp" 837
"D:/work/UE4Game/Netshoot/Content/Maps/Level_01_BuiltData.ubulk" 838
"D:/work/UE4Game/Netshoot/Content/Blueprints/Target_BP.uasset" 839
"D:/work/UE4Game/Netshoot/Content/Blueprints/Target_BP.uexp" 840
"D:/work/UE4Game/Netshoot/Content/Maps/Level_01.uexp" 841
"D:/work/UE4Game/Netshoot/Content/Maps/Level_01.umap" 842
"D:/work/UE4Game/Netshoot/Content/Maps/MainMenu.uexp" 843
"D:/work/UE4Game/Netshoot/Content/Maps/MainMenu.umap" 844
"D:/work/UE4Game/Netshoot/Content/Maps/ServerWithSession.uexp" 845
"D:/work/UE4Game/Netshoot/Content/Maps/ServerWithSession.umap" 846
"D:/work/UE4Game/Netshoot/Content/AnimStarterPack/UE4_Mannequin/Mesh/SK_Mannequin_PhysicsAsset.uasset" 847
"D:/work/UE4Game/Netshoot/Content/AnimStarterPack/UE4_Mannequin/Mesh/SK_Mannequin_PhysicsAsset.uexp" 848
"D:/work/UE4Game/Netshoot/Content/AnimStarterPack/UE4_Mannequin/Textures/UE4Man_Logo_N.uasset" 849
"D:/work/UE4Game/Netshoot/Content/AnimStarterPack/UE4_Mannequin/Textures/UE4Man_Logo_N.uexp" 850
"D:/work/UE4Game/Netshoot/Content/AnimStarterPack/UE4_Mannequin/Textures/UE4Man_Logo_N.ubulk" 851
"D:/work/UE4Game/Netshoot/Content/AnimStarterPack/UE4_Mannequin/Textures/UE4_Mannequin_occlusion_Mobile.uasset" 852
"D:/work/UE4Game/Netshoot/Content/AnimStarterPack/UE4_Mannequin/Textures/UE4_Mannequin_occlusion_Mobile.uexp" 853
"D:/work/UE4Game/Netshoot/Content/AnimStarterPack/UE4_Mannequin/Textures/UE4_Mannequin_occlusion_Mobile.ubulk" 854
"D:/work/UE4Game/Netshoot/Content/AnimStarterPack/UE4_Mannequin/Textures/UE4_Mannequin_MAT_MASKA.uasset" 855
"D:/work/UE4Game/Netshoot/Content/AnimStarterPack/UE4_Mannequin/Textures/UE4_Mannequin_MAT_MASKA.uexp" 856
"D:/work/UE4Game/Netshoot/Content/AnimStarterPack/UE4_Mannequin/Textures/UE4_Mannequin_MAT_MASKA.ubulk" 857
"D:/work/UE4Game/Netshoot/Content/AnimStarterPack/UE4_Mannequin/Textures/UE4_Mannequin__normals.uasset" 858
"D:/work/UE4Game/Netshoot/Content/AnimStarterPack/UE4_Mannequin/Textures/UE4_Mannequin__normals.uexp" 859
"D:/work/UE4Game/Netshoot/Content/AnimStarterPack/UE4_Mannequin/Textures/UE4_Mannequin__normals.ubulk" 860
"D:/work/UE4Game/Netshoot/Content/AnimStarterPack/UE4_Mannequin/Materials/MaterialLayers/T_ML_Aluminum01_N.uasset" 861
"D:/work/UE4Game/Netshoot/Content/AnimStarterPack/UE4_Mannequin/Materials/MaterialLayers/T_ML_Aluminum01_N.uexp" 862
"D:/work/UE4Game/Netshoot/Content/AnimStarterPack/UE4_Mannequin/Materials/MaterialLayers/T_ML_Aluminum01_N.ubulk" 863
"D:/work/UE4Game/Netshoot/Content/AnimStarterPack/UE4_Mannequin/Materials/MaterialLayers/T_ML_Aluminum01.uasset" 864
"D:/work/UE4Game/Netshoot/Content/AnimStarterPack/UE4_Mannequin/Materials/MaterialLayers/T_ML_Aluminum01.uexp" 865
"D:/work/UE4Game/Netshoot/Content/AnimStarterPack/UE4_Mannequin/Materials/MaterialLayers/T_ML_Aluminum01.ubulk" 866
"D:/work/UE4Game/Netshoot/Content/AnimStarterPack/UE4_Mannequin/Materials/MaterialLayers/ML_SoftMetal_UE4.uasset" 867
"D:/work/UE4Game/Netshoot/Content/AnimStarterPack/UE4_Mannequin/Materials/MaterialLayers/ML_SoftMetal_UE4.uexp" 868
"D:/work/UE4Game/Netshoot/Content/AnimStarterPack/UE4_Mannequin/Textures/UE4_LOGO_CARD.uasset" 869
"D:/work/UE4Game/Netshoot/Content/AnimStarterPack/UE4_Mannequin/Textures/UE4_LOGO_CARD.uexp" 870
"D:/work/UE4Game/Netshoot/Content/AnimStarterPack/UE4_Mannequin/Textures/UE4_LOGO_CARD.ubulk" 871
"D:/work/UE4Game/Netshoot/Content/AnimStarterPack/UE4_Mannequin/Materials/MaterialLayers/ML_Plastic_Shiny_Beige_LOGO.uasset" 872
"D:/work/UE4Game/Netshoot/Content/AnimStarterPack/UE4_Mannequin/Materials/MaterialLayers/ML_Plastic_Shiny_Beige_LOGO.uexp" 873
"D:/work/UE4Game/Netshoot/Content/AnimStarterPack/UE4_Mannequin/Materials/MaterialLayers/ML_Plastic_Shiny_Beige.uasset" 874
"D:/work/UE4Game/Netshoot/Content/AnimStarterPack/UE4_Mannequin/Materials/MaterialLayers/ML_Plastic_Shiny_Beige.uexp" 875
"D:/work/UE4Game/Netshoot/Content/AnimStarterPack/UE4_Mannequin/Materials/MaterialLayers/T_ML_Rubber_Blue_01_N.uasset" 876
"D:/work/UE4Game/Netshoot/Content/AnimStarterPack/UE4_Mannequin/Materials/MaterialLayers/T_ML_Rubber_Blue_01_N.uexp" 877
"D:/work/UE4Game/Netshoot/Content/AnimStarterPack/UE4_Mannequin/Materials/MaterialLayers/T_ML_Rubber_Blue_01_N.ubulk" 878
"D:/work/UE4Game/Netshoot/Content/AnimStarterPack/UE4_Mannequin/Materials/MaterialLayers/T_ML_Rubber_Blue_01_D.uasset" 879
"D:/work/UE4Game/Netshoot/Content/AnimStarterPack/UE4_Mannequin/Materials/MaterialLayers/T_ML_Rubber_Blue_01_D.uexp" 880
"D:/work/UE4Game/Netshoot/Content/AnimStarterPack/UE4_Mannequin/Materials/MaterialLayers/T_ML_Rubber_Blue_01_D.ubulk" 881
"D:/work/UE4Game/Netshoot/Content/AnimStarterPack/UE4_Mannequin/Materials/MaterialLayers/ML_GlossyBlack_Latex_UE4.uasset" 882
"D:/work/UE4Game/Netshoot/Content/AnimStarterPack/UE4_Mannequin/Materials/MaterialLayers/ML_GlossyBlack_Latex_UE4.uexp" 883
"../../../Engine/Content/Functions/MaterialLayerFunctions/MatLayerBlend_Simple.uasset" 884
"../../../Engine/Content/Functions/MaterialLayerFunctions/MatLayerBlend_Simple.uexp" 885
"../../../Engine/Content/Functions/Engine_MaterialFunctions02/Utility/BlendAngleCorrectedNormals.uasset" 886
"../../../Engine/Content/Functions/Engine_MaterialFunctions02/Utility/BlendAngleCorrectedNormals.uexp" 887
"../../../Engine/Content/Functions/MaterialLayerFunctions/MatLayerBlend_NormalBlend.uasset" 888
"../../../Engine/Content/Functions/MaterialLayerFunctions/MatLayerBlend_NormalBlend.uexp" 889
"../../../Engine/Content/Functions/MaterialLayerFunctions/MatLayerBlend_AO.uasset" 890
"../../../Engine/Content/Functions/MaterialLayerFunctions/MatLayerBlend_AO.uexp" 891
"D:/work/UE4Game/Netshoot/Content/AnimStarterPack/UE4_Mannequin/Materials/M_UE4Man_Body.uasset" 892
"D:/work/UE4Game/Netshoot/Content/AnimStarterPack/UE4_Mannequin/Materials/M_UE4Man_Body.uexp" 893
"D:/work/UE4Game/Netshoot/Content/AnimStarterPack/UE4_Mannequin/Materials/M_UE4Man_ChestLogo.uasset" 894
"D:/work/UE4Game/Netshoot/Content/AnimStarterPack/UE4_Mannequin/Materials/M_UE4Man_ChestLogo.uexp" 895
"D:/work/UE4Game/Netshoot/Content/AnimStarterPack/UE4_Mannequin/Mesh/SK_Mannequin.uasset" 896
"D:/work/UE4Game/Netshoot/Content/AnimStarterPack/UE4_Mannequin/Mesh/SK_Mannequin.uexp" 897
"../../../Engine/Content/EngineSky/T_Sky_Stars.uasset" 898
"../../../Engine/Content/EngineSky/T_Sky_Stars.uexp" 899
"../../../Engine/Content/EngineSky/T_Sky_Stars.ubulk" 900
"../../../Engine/Content/EngineSky/T_Sky_Clouds_M.uasset" 901
"../../../Engine/Content/EngineSky/T_Sky_Clouds_M.uexp" 902
"../../../Engine/Content/EngineSky/T_Sky_Clouds_M.ubulk" 903
"../../../Engine/Content/EngineSky/T_Sky_Blue.uasset" 904
"../../../Engine/Content/EngineSky/T_Sky_Blue.uexp" 905
"../../../Engine/Content/EngineSky/T_Sky_Blue.ubulk" 906
"../../../Engine/Content/TemplateResources/M_Template_Master.uasset" 907
"../../../Engine/Content/TemplateResources/M_Template_Master.uexp" 908
"../../../Engine/Content/TemplateResources/MI_Template_BaseGray_03_Metal.uasset" 909
"../../../Engine/Content/TemplateResources/MI_Template_BaseGray_03_Metal.uexp" 910
"../../../Engine/Content/EngineSky/M_Sky_Panning_Clouds2.uasset" 911
"../../../Engine/Content/EngineSky/M_Sky_Panning_Clouds2.uexp" 912
"../../../Engine/Content/EngineSky/SM_SkySphere.uasset" 913
"../../../Engine/Content/EngineSky/SM_SkySphere.uexp" 914
"../../../Engine/Content/EngineSky/C_Sky_Zenith_Color.uasset" 915
"../../../Engine/Content/EngineSky/C_Sky_Zenith_Color.uexp" 916
"../../../Engine/Content/EngineSky/C_Sky_Horizon_Color.uasset" 917
"../../../Engine/Content/EngineSky/C_Sky_Horizon_Color.uexp" 918
"../../../Engine/Content/EngineSky/C_Sky_Cloud_Color.uasset" 919
"../../../Engine/Content/EngineSky/C_Sky_Cloud_Color.uexp" 920
"../../../Engine/Content/EngineSky/BP_Sky_Sphere.uasset" 921
"../../../Engine/Content/EngineSky/BP_Sky_Sphere.uexp" 922
"D:/work/UE4Game/Netshoot/Content/AnimStarterPack/Walk_Fwd_Rifle_Ironsights.uasset" 923
"D:/work/UE4Game/Netshoot/Content/AnimStarterPack/Walk_Fwd_Rifle_Ironsights.uexp" 924
"D:/work/UE4Game/Netshoot/Content/AnimStarterPack/Reload_Rifle_Hip.uasset" 925
"D:/work/UE4Game/Netshoot/Content/AnimStarterPack/Reload_Rifle_Hip.uexp" 926
"D:/work/UE4Game/Netshoot/Content/AnimStarterPack/Idle_Rifle_Hip_Break2.uasset" 927
"D:/work/UE4Game/Netshoot/Content/AnimStarterPack/Idle_Rifle_Hip_Break2.uexp" 928
"D:/work/UE4Game/Netshoot/Content/AnimStarterPack/Idle_Rifle_Hip_Break1.uasset" 929
"D:/work/UE4Game/Netshoot/Content/AnimStarterPack/Idle_Rifle_Hip_Break1.uexp" 930
"D:/work/UE4Game/Netshoot/Content/AnimStarterPack/Hit_React_3.uasset" 931
"D:/work/UE4Game/Netshoot/Content/AnimStarterPack/Hit_React_3.uexp" 932
"D:/work/UE4Game/Netshoot/Content/AnimStarterPack/Hit_React_2.uasset" 933
"D:/work/UE4Game/Netshoot/Content/AnimStarterPack/Hit_React_2.uexp" 934
"D:/work/UE4Game/Netshoot/Content/AnimStarterPack/Hit_React_1.uasset" 935
"D:/work/UE4Game/Netshoot/Content/AnimStarterPack/Hit_React_1.uexp" 936
"D:/work/UE4Game/Netshoot/Content/AnimStarterPack/Fire_Rifle_Ironsights.uasset" 937
"D:/work/UE4Game/Netshoot/Content/AnimStarterPack/Fire_Rifle_Ironsights.uexp" 938
"D:/work/UE4Game/Netshoot/Content/AnimStarterPack/Equip_Pistol_Standing.uasset" 939
"D:/work/UE4Game/Netshoot/Content/AnimStarterPack/Equip_Pistol_Standing.uexp" 940
"D:/work/UE4Game/Netshoot/Content/AnimStarterPack/Crouch_Walk_Fwd_Rifle_Ironsights.uasset" 941
"D:/work/UE4Game/Netshoot/Content/AnimStarterPack/Crouch_Walk_Fwd_Rifle_Ironsights.uexp" 942
"D:/work/UE4Game/Netshoot/Content/AnimStarterPack/Crouch_Idle_Rifle_Ironsights.uasset" 943
"D:/work/UE4Game/Netshoot/Content/AnimStarterPack/Crouch_Idle_Rifle_Ironsights.uexp" 944
"D:/work/UE4Game/Netshoot/Content/AnimStarterPack/Crouch_Idle_Rifle_Hip.uasset" 945
"D:/work/UE4Game/Netshoot/Content/AnimStarterPack/Crouch_Idle_Rifle_Hip.uexp" 946
"D:/work/UE4Game/Netshoot/Content/AnimStarterPack/Showcase.uexp" 947
"D:/work/UE4Game/Netshoot/Content/AnimStarterPack/Showcase.ubulk" 948
"D:/work/UE4Game/Netshoot/Content/AnimStarterPack/Showcase.umap" 949
"../../../Engine/Content/Maps/Entry_BuiltData.uasset" 950
"../../../Engine/Content/Maps/Entry_BuiltData.uexp" 951
"../../../Engine/Content/Maps/Entry.uexp" 952
"../../../Engine/Content/Maps/Entry.umap" 953
